<?xml version="1.0" encoding="UTF-8"?>
<testsuite xmlns:xsi="http://www.w3.org/2001/XMLSchema-instance" xsi:noNamespaceSchemaLocation="https://maven.apache.org/surefire/maven-surefire-plugin/xsd/surefire-test-report-3.0.xsd" version="3.0" name="com.snowflake.kafka.security.KafkaSecurityConfigTest" time="0.264" tests="12" errors="0" skipped="0" failures="0">
  <properties>
[...]
</properties>
  <testcase name="testSecuritySummaryToString" classname="com.snowflake.kafka.security.KafkaSecurityConfigTest" time="0.061">
    <system-out><![CDATA[16:54:08.455 [main] INFO com.snowflake.kafka.security.KafkaSecurityConfig -- Kafka security configuration validation successful
16:54:08.457 [main] INFO com.snowflake.kafka.security.KafkaSecurityConfig -- Kafka security configuration initialized: protocol=SASL_SSL, mechanism=SCRAM_SHA_256
]]></system-out>
  </testcase>
  <testcase name="testCustomJaasConfiguration" classname="com.snowflake.kafka.security.KafkaSecurityConfigTest" time="0.004">
    <system-out><![CDATA[16:54:08.465 [main] INFO com.snowflake.kafka.security.KafkaSecurityConfig -- Kafka security configuration validation successful
16:54:08.465 [main] INFO com.snowflake.kafka.security.KafkaSecurityConfig -- Kafka security configuration initialized: protocol=SASL_PLAINTEXT, mechanism=PLAIN
16:54:08.465 [main] DEBUG com.snowflake.kafka.security.KafkaSecurityConfig -- Configured SASL settings for Kafka with mechanism: PLAIN
16:54:08.465 [main] DEBUG com.snowflake.kafka.security.KafkaSecurityConfig -- Configured additional security settings for Kafka
16:54:08.465 [main] DEBUG com.snowflake.kafka.security.KafkaSecurityConfig -- Created secure Kafka producer properties with 7 entries
]]></system-out>
  </testcase>
  <testcase name="testSSLConnectivityTest" classname="com.snowflake.kafka.security.KafkaSecurityConfigTest" time="0.037">
    <system-out><![CDATA[16:54:08.469 [main] INFO com.snowflake.kafka.security.KafkaSecurityConfig -- Kafka security configuration validation successful
16:54:08.469 [main] INFO com.snowflake.kafka.security.KafkaSecurityConfig -- Kafka security configuration initialized: protocol=SSL, mechanism=null
16:54:08.503 [main] INFO com.snowflake.kafka.security.KafkaSecurityConfig -- SSL connectivity test successful
16:54:08.503 [main] INFO com.snowflake.kafka.security.KafkaSecurityConfig -- Kafka security configuration validation successful
16:54:08.503 [main] INFO com.snowflake.kafka.security.KafkaSecurityConfig -- Kafka security configuration initialized: protocol=PLAINTEXT, mechanism=null
]]></system-out>
  </testcase>
  <testcase name="testPerformanceWithSecuritySettings" classname="com.snowflake.kafka.security.KafkaSecurityConfigTest" time="0.037">
    <system-out><![CDATA[16:54:08.508 [main] INFO com.snowflake.kafka.security.KafkaSecurityConfig -- Kafka security configuration validation successful
16:54:08.509 [main] INFO com.snowflake.kafka.security.KafkaSecurityConfig -- Kafka security configuration initialized: protocol=SSL, mechanism=null
16:54:08.509 [main] DEBUG com.snowflake.kafka.security.KafkaSecurityConfig -- Configured SSL settings for Kafka
16:54:08.509 [main] DEBUG com.snowflake.kafka.security.KafkaSecurityConfig -- Configured additional security settings for Kafka
16:54:08.509 [main] DEBUG com.snowflake.kafka.security.KafkaSecurityConfig -- Created secure Kafka producer properties with 18 entries
16:54:08.509 [main] DEBUG com.snowflake.kafka.security.KafkaSecurityConfig -- Configured SSL settings for Kafka
16:54:08.509 [main] DEBUG com.snowflake.kafka.security.KafkaSecurityConfig -- Configured additional security settings for Kafka
16:54:08.509 [main] DEBUG com.snowflake.kafka.security.KafkaSecurityConfig -- Created secure Kafka producer properties with 18 entries
16:54:08.509 [main] DEBUG com.snowflake.kafka.security.KafkaSecurityConfig -- Configured SSL settings for Kafka
16:54:08.509 [main] DEBUG com.snowflake.kafka.security.KafkaSecurityConfig -- Configured additional security settings for Kafka
16:54:08.509 [main] DEBUG com.snowflake.kafka.security.KafkaSecurityConfig -- Created secure Kafka producer properties with 18 entries
16:54:08.509 [main] DEBUG com.snowflake.kafka.security.KafkaSecurityConfig -- Configured SSL settings for Kafka
16:54:08.509 [main] DEBUG com.snowflake.kafka.security.KafkaSecurityConfig -- Configured additional security settings for Kafka
16:54:08.509 [main] DEBUG com.snowflake.kafka.security.KafkaSecurityConfig -- Created secure Kafka producer properties with 18 entries
16:54:08.510 [main] DEBUG com.snowflake.kafka.security.KafkaSecurityConfig -- Configured SSL settings for Kafka
16:54:08.510 [main] DEBUG com.snowflake.kafka.security.KafkaSecurityConfig -- Configured additional security settings for Kafka
16:54:08.510 [main] DEBUG com.snowflake.kafka.security.KafkaSecurityConfig -- Created secure Kafka producer properties with 18 entries
16:54:08.510 [main] DEBUG com.snowflake.kafka.security.KafkaSecurityConfig -- Configured SSL settings for Kafka
16:54:08.510 [main] DEBUG com.snowflake.kafka.security.KafkaSecurityConfig -- Configured additional security settings for Kafka
16:54:08.510 [main] DEBUG com.snowflake.kafka.security.KafkaSecurityConfig -- Created secure Kafka producer properties with 18 entries
16:54:08.510 [main] DEBUG com.snowflake.kafka.security.KafkaSecurityConfig -- Configured SSL settings for Kafka
16:54:08.510 [main] DEBUG com.snowflake.kafka.security.KafkaSecurityConfig -- Configured additional security settings for Kafka
16:54:08.510 [main] DEBUG com.snowflake.kafka.security.KafkaSecurityConfig -- Created secure Kafka producer properties with 18 entries
16:54:08.510 [main] DEBUG com.snowflake.kafka.security.KafkaSecurityConfig -- Configured SSL settings for Kafka
16:54:08.510 [main] DEBUG com.snowflake.kafka.security.KafkaSecurityConfig -- Configured additional security settings for Kafka
16:54:08.510 [main] DEBUG com.snowflake.kafka.security.KafkaSecurityConfig -- Created secure Kafka producer properties with 18 entries
16:54:08.510 [main] DEBUG com.snowflake.kafka.security.KafkaSecurityConfig -- Configured SSL settings for Kafka
16:54:08.510 [main] DEBUG com.snowflake.kafka.security.KafkaSecurityConfig -- Configured additional security settings for Kafka
16:54:08.510 [main] DEBUG com.snowflake.kafka.security.KafkaSecurityConfig -- Created secure Kafka producer properties with 18 entries
16:54:08.510 [main] DEBUG com.snowflake.kafka.security.KafkaSecurityConfig -- Configured SSL settings for Kafka
16:54:08.510 [main] DEBUG com.snowflake.kafka.security.KafkaSecurityConfig -- Configured additional security settings for Kafka
16:54:08.510 [main] DEBUG com.snowflake.kafka.security.KafkaSecurityConfig -- Created secure Kafka producer properties with 18 entries
16:54:08.510 [main] DEBUG com.snowflake.kafka.security.KafkaSecurityConfig -- Configured SSL settings for Kafka
16:54:08.510 [main] DEBUG com.snowflake.kafka.security.KafkaSecurityConfig -- Configured additional security settings for Kafka
16:54:08.510 [main] DEBUG com.snowflake.kafka.security.KafkaSecurityConfig -- Created secure Kafka producer properties with 18 entries
16:54:08.510 [main] DEBUG com.snowflake.kafka.security.KafkaSecurityConfig -- Configured SSL settings for Kafka
16:54:08.510 [main] DEBUG com.snowflake.kafka.security.KafkaSecurityConfig -- Configured additional security settings for Kafka
16:54:08.510 [main] DEBUG com.snowflake.kafka.security.KafkaSecurityConfig -- Created secure Kafka producer properties with 18 entries
16:54:08.510 [main] DEBUG com.snowflake.kafka.security.KafkaSecurityConfig -- Configured SSL settings for Kafka
16:54:08.510 [main] DEBUG com.snowflake.kafka.security.KafkaSecurityConfig -- Configured additional security settings for Kafka
16:54:08.510 [main] DEBUG com.snowflake.kafka.security.KafkaSecurityConfig -- Created secure Kafka producer properties with 18 entries
16:54:08.510 [main] DEBUG com.snowflake.kafka.security.KafkaSecurityConfig -- Configured SSL settings for Kafka
16:54:08.510 [main] DEBUG com.snowflake.kafka.security.KafkaSecurityConfig -- Configured additional security settings for Kafka
16:54:08.510 [main] DEBUG com.snowflake.kafka.security.KafkaSecurityConfig -- Created secure Kafka producer properties with 18 entries
16:54:08.510 [main] DEBUG com.snowflake.kafka.security.KafkaSecurityConfig -- Configured SSL settings for Kafka
16:54:08.511 [main] DEBUG com.snowflake.kafka.security.KafkaSecurityConfig -- Configured additional security settings for Kafka
16:54:08.511 [main] DEBUG com.snowflake.kafka.security.KafkaSecurityConfig -- Created secure Kafka producer properties with 18 entries
16:54:08.511 [main] DEBUG com.snowflake.kafka.security.KafkaSecurityConfig -- Configured SSL settings for Kafka
16:54:08.511 [main] DEBUG com.snowflake.kafka.security.KafkaSecurityConfig -- Configured additional security settings for Kafka
16:54:08.511 [main] DEBUG com.snowflake.kafka.security.KafkaSecurityConfig -- Created secure Kafka producer properties with 18 entries
16:54:08.511 [main] DEBUG com.snowflake.kafka.security.KafkaSecurityConfig -- Configured SSL settings for Kafka
16:54:08.511 [main] DEBUG com.snowflake.kafka.security.KafkaSecurityConfig -- Configured additional security settings for Kafka
16:54:08.511 [main] DEBUG com.snowflake.kafka.security.KafkaSecurityConfig -- Created secure Kafka producer properties with 18 entries
16:54:08.511 [main] DEBUG com.snowflake.kafka.security.KafkaSecurityConfig -- Configured SSL settings for Kafka
16:54:08.511 [main] DEBUG com.snowflake.kafka.security.KafkaSecurityConfig -- Configured additional security settings for Kafka
16:54:08.511 [main] DEBUG com.snowflake.kafka.security.KafkaSecurityConfig -- Created secure Kafka producer properties with 18 entries
16:54:08.511 [main] DEBUG com.snowflake.kafka.security.KafkaSecurityConfig -- Configured SSL settings for Kafka
16:54:08.511 [main] DEBUG com.snowflake.kafka.security.KafkaSecurityConfig -- Configured additional security settings for Kafka
16:54:08.511 [main] DEBUG com.snowflake.kafka.security.KafkaSecurityConfig -- Created secure Kafka producer properties with 18 entries
16:54:08.511 [main] DEBUG com.snowflake.kafka.security.KafkaSecurityConfig -- Configured SSL settings for Kafka
16:54:08.511 [main] DEBUG com.snowflake.kafka.security.KafkaSecurityConfig -- Configured additional security settings for Kafka
16:54:08.511 [main] DEBUG com.snowflake.kafka.security.KafkaSecurityConfig -- Created secure Kafka producer properties with 18 entries
16:54:08.511 [main] DEBUG com.snowflake.kafka.security.KafkaSecurityConfig -- Configured SSL settings for Kafka
16:54:08.511 [main] DEBUG com.snowflake.kafka.security.KafkaSecurityConfig -- Configured additional security settings for Kafka
16:54:08.511 [main] DEBUG com.snowflake.kafka.security.KafkaSecurityConfig -- Created secure Kafka producer properties with 18 entries
16:54:08.511 [main] DEBUG com.snowflake.kafka.security.KafkaSecurityConfig -- Configured SSL settings for Kafka
16:54:08.511 [main] DEBUG com.snowflake.kafka.security.KafkaSecurityConfig -- Configured additional security settings for Kafka
16:54:08.511 [main] DEBUG com.snowflake.kafka.security.KafkaSecurityConfig -- Created secure Kafka producer properties with 18 entries
16:54:08.511 [main] DEBUG com.snowflake.kafka.security.KafkaSecurityConfig -- Configured SSL settings for Kafka
16:54:08.511 [main] DEBUG com.snowflake.kafka.security.KafkaSecurityConfig -- Configured additional security settings for Kafka
16:54:08.511 [main] DEBUG com.snowflake.kafka.security.KafkaSecurityConfig -- Created secure Kafka producer properties with 18 entries
16:54:08.511 [main] DEBUG com.snowflake.kafka.security.KafkaSecurityConfig -- Configured SSL settings for Kafka
16:54:08.511 [main] DEBUG com.snowflake.kafka.security.KafkaSecurityConfig -- Configured additional security settings for Kafka
16:54:08.511 [main] DEBUG com.snowflake.kafka.security.KafkaSecurityConfig -- Created secure Kafka producer properties with 18 entries
16:54:08.512 [main] DEBUG com.snowflake.kafka.security.KafkaSecurityConfig -- Configured SSL settings for Kafka
16:54:08.512 [main] DEBUG com.snowflake.kafka.security.KafkaSecurityConfig -- Configured additional security settings for Kafka
16:54:08.512 [main] DEBUG com.snowflake.kafka.security.KafkaSecurityConfig -- Created secure Kafka producer properties with 18 entries
16:54:08.512 [main] DEBUG com.snowflake.kafka.security.KafkaSecurityConfig -- Configured SSL settings for Kafka
16:54:08.512 [main] DEBUG com.snowflake.kafka.security.KafkaSecurityConfig -- Configured additional security settings for Kafka
16:54:08.512 [main] DEBUG com.snowflake.kafka.security.KafkaSecurityConfig -- Created secure Kafka producer properties with 18 entries
16:54:08.512 [main] DEBUG com.snowflake.kafka.security.KafkaSecurityConfig -- Configured SSL settings for Kafka
16:54:08.512 [main] DEBUG com.snowflake.kafka.security.KafkaSecurityConfig -- Configured additional security settings for Kafka
16:54:08.512 [main] DEBUG com.snowflake.kafka.security.KafkaSecurityConfig -- Created secure Kafka producer properties with 18 entries
16:54:08.512 [main] DEBUG com.snowflake.kafka.security.KafkaSecurityConfig -- Configured SSL settings for Kafka
16:54:08.512 [main] DEBUG com.snowflake.kafka.security.KafkaSecurityConfig -- Configured additional security settings for Kafka
16:54:08.512 [main] DEBUG com.snowflake.kafka.security.KafkaSecurityConfig -- Created secure Kafka producer properties with 18 entries
16:54:08.512 [main] DEBUG com.snowflake.kafka.security.KafkaSecurityConfig -- Configured SSL settings for Kafka
16:54:08.512 [main] DEBUG com.snowflake.kafka.security.KafkaSecurityConfig -- Configured additional security settings for Kafka
16:54:08.512 [main] DEBUG com.snowflake.kafka.security.KafkaSecurityConfig -- Created secure Kafka producer properties with 18 entries
16:54:08.512 [main] DEBUG com.snowflake.kafka.security.KafkaSecurityConfig -- Configured SSL settings for Kafka
16:54:08.512 [main] DEBUG com.snowflake.kafka.security.KafkaSecurityConfig -- Configured additional security settings for Kafka
16:54:08.512 [main] DEBUG com.snowflake.kafka.security.KafkaSecurityConfig -- Created secure Kafka producer properties with 18 entries
16:54:08.512 [main] DEBUG com.snowflake.kafka.security.KafkaSecurityConfig -- Configured SSL settings for Kafka
16:54:08.512 [main] DEBUG com.snowflake.kafka.security.KafkaSecurityConfig -- Configured additional security settings for Kafka
16:54:08.512 [main] DEBUG com.snowflake.kafka.security.KafkaSecurityConfig -- Created secure Kafka producer properties with 18 entries
16:54:08.512 [main] DEBUG com.snowflake.kafka.security.KafkaSecurityConfig -- Configured SSL settings for Kafka
16:54:08.512 [main] DEBUG com.snowflake.kafka.security.KafkaSecurityConfig -- Configured additional security settings for Kafka
16:54:08.512 [main] DEBUG com.snowflake.kafka.security.KafkaSecurityConfig -- Created secure Kafka producer properties with 18 entries
16:54:08.512 [main] DEBUG com.snowflake.kafka.security.KafkaSecurityConfig -- Configured SSL settings for Kafka
16:54:08.512 [main] DEBUG com.snowflake.kafka.security.KafkaSecurityConfig -- Configured additional security settings for Kafka
16:54:08.512 [main] DEBUG com.snowflake.kafka.security.KafkaSecurityConfig -- Created secure Kafka producer properties with 18 entries
16:54:08.512 [main] DEBUG com.snowflake.kafka.security.KafkaSecurityConfig -- Configured SSL settings for Kafka
16:54:08.512 [main] DEBUG com.snowflake.kafka.security.KafkaSecurityConfig -- Configured additional security settings for Kafka
16:54:08.512 [main] DEBUG com.snowflake.kafka.security.KafkaSecurityConfig -- Created secure Kafka producer properties with 18 entries
16:54:08.512 [main] DEBUG com.snowflake.kafka.security.KafkaSecurityConfig -- Configured SSL settings for Kafka
16:54:08.512 [main] DEBUG com.snowflake.kafka.security.KafkaSecurityConfig -- Configured additional security settings for Kafka
16:54:08.512 [main] DEBUG com.snowflake.kafka.security.KafkaSecurityConfig -- Created secure Kafka producer properties with 18 entries
16:54:08.512 [main] DEBUG com.snowflake.kafka.security.KafkaSecurityConfig -- Configured SSL settings for Kafka
16:54:08.512 [main] DEBUG com.snowflake.kafka.security.KafkaSecurityConfig -- Configured additional security settings for Kafka
16:54:08.512 [main] DEBUG com.snowflake.kafka.security.KafkaSecurityConfig -- Created secure Kafka producer properties with 18 entries
16:54:08.513 [main] DEBUG com.snowflake.kafka.security.KafkaSecurityConfig -- Configured SSL settings for Kafka
16:54:08.513 [main] DEBUG com.snowflake.kafka.security.KafkaSecurityConfig -- Configured additional security settings for Kafka
16:54:08.513 [main] DEBUG com.snowflake.kafka.security.KafkaSecurityConfig -- Created secure Kafka producer properties with 18 entries
16:54:08.513 [main] DEBUG com.snowflake.kafka.security.KafkaSecurityConfig -- Configured SSL settings for Kafka
16:54:08.513 [main] DEBUG com.snowflake.kafka.security.KafkaSecurityConfig -- Configured additional security settings for Kafka
16:54:08.513 [main] DEBUG com.snowflake.kafka.security.KafkaSecurityConfig -- Created secure Kafka producer properties with 18 entries
16:54:08.513 [main] DEBUG com.snowflake.kafka.security.KafkaSecurityConfig -- Configured SSL settings for Kafka
16:54:08.513 [main] DEBUG com.snowflake.kafka.security.KafkaSecurityConfig -- Configured additional security settings for Kafka
16:54:08.513 [main] DEBUG com.snowflake.kafka.security.KafkaSecurityConfig -- Created secure Kafka producer properties with 18 entries
16:54:08.513 [main] DEBUG com.snowflake.kafka.security.KafkaSecurityConfig -- Configured SSL settings for Kafka
16:54:08.513 [main] DEBUG com.snowflake.kafka.security.KafkaSecurityConfig -- Configured additional security settings for Kafka
16:54:08.513 [main] DEBUG com.snowflake.kafka.security.KafkaSecurityConfig -- Created secure Kafka producer properties with 18 entries
16:54:08.513 [main] DEBUG com.snowflake.kafka.security.KafkaSecurityConfig -- Configured SSL settings for Kafka
16:54:08.513 [main] DEBUG com.snowflake.kafka.security.KafkaSecurityConfig -- Configured additional security settings for Kafka
16:54:08.513 [main] DEBUG com.snowflake.kafka.security.KafkaSecurityConfig -- Created secure Kafka producer properties with 18 entries
16:54:08.513 [main] DEBUG com.snowflake.kafka.security.KafkaSecurityConfig -- Configured SSL settings for Kafka
16:54:08.513 [main] DEBUG com.snowflake.kafka.security.KafkaSecurityConfig -- Configured additional security settings for Kafka
16:54:08.513 [main] DEBUG com.snowflake.kafka.security.KafkaSecurityConfig -- Created secure Kafka producer properties with 18 entries
16:54:08.513 [main] DEBUG com.snowflake.kafka.security.KafkaSecurityConfig -- Configured SSL settings for Kafka
16:54:08.513 [main] DEBUG com.snowflake.kafka.security.KafkaSecurityConfig -- Configured additional security settings for Kafka
16:54:08.513 [main] DEBUG com.snowflake.kafka.security.KafkaSecurityConfig -- Created secure Kafka producer properties with 18 entries
16:54:08.513 [main] DEBUG com.snowflake.kafka.security.KafkaSecurityConfig -- Configured SSL settings for Kafka
16:54:08.513 [main] DEBUG com.snowflake.kafka.security.KafkaSecurityConfig -- Configured additional security settings for Kafka
16:54:08.513 [main] DEBUG com.snowflake.kafka.security.KafkaSecurityConfig -- Created secure Kafka producer properties with 18 entries
16:54:08.513 [main] DEBUG com.snowflake.kafka.security.KafkaSecurityConfig -- Configured SSL settings for Kafka
16:54:08.513 [main] DEBUG com.snowflake.kafka.security.KafkaSecurityConfig -- Configured additional security settings for Kafka
16:54:08.513 [main] DEBUG com.snowflake.kafka.security.KafkaSecurityConfig -- Created secure Kafka producer properties with 18 entries
16:54:08.513 [main] DEBUG com.snowflake.kafka.security.KafkaSecurityConfig -- Configured SSL settings for Kafka
16:54:08.513 [main] DEBUG com.snowflake.kafka.security.KafkaSecurityConfig -- Configured additional security settings for Kafka
16:54:08.513 [main] DEBUG com.snowflake.kafka.security.KafkaSecurityConfig -- Created secure Kafka producer properties with 18 entries
16:54:08.513 [main] DEBUG com.snowflake.kafka.security.KafkaSecurityConfig -- Configured SSL settings for Kafka
16:54:08.513 [main] DEBUG com.snowflake.kafka.security.KafkaSecurityConfig -- Configured additional security settings for Kafka
16:54:08.513 [main] DEBUG com.snowflake.kafka.security.KafkaSecurityConfig -- Created secure Kafka producer properties with 18 entries
16:54:08.513 [main] DEBUG com.snowflake.kafka.security.KafkaSecurityConfig -- Configured SSL settings for Kafka
16:54:08.513 [main] DEBUG com.snowflake.kafka.security.KafkaSecurityConfig -- Configured additional security settings for Kafka
16:54:08.513 [main] DEBUG com.snowflake.kafka.security.KafkaSecurityConfig -- Created secure Kafka producer properties with 18 entries
16:54:08.513 [main] DEBUG com.snowflake.kafka.security.KafkaSecurityConfig -- Configured SSL settings for Kafka
16:54:08.513 [main] DEBUG com.snowflake.kafka.security.KafkaSecurityConfig -- Configured additional security settings for Kafka
16:54:08.513 [main] DEBUG com.snowflake.kafka.security.KafkaSecurityConfig -- Created secure Kafka producer properties with 18 entries
16:54:08.513 [main] DEBUG com.snowflake.kafka.security.KafkaSecurityConfig -- Configured SSL settings for Kafka
16:54:08.513 [main] DEBUG com.snowflake.kafka.security.KafkaSecurityConfig -- Configured additional security settings for Kafka
16:54:08.513 [main] DEBUG com.snowflake.kafka.security.KafkaSecurityConfig -- Created secure Kafka producer properties with 18 entries
16:54:08.513 [main] DEBUG com.snowflake.kafka.security.KafkaSecurityConfig -- Configured SSL settings for Kafka
16:54:08.513 [main] DEBUG com.snowflake.kafka.security.KafkaSecurityConfig -- Configured additional security settings for Kafka
16:54:08.513 [main] DEBUG com.snowflake.kafka.security.KafkaSecurityConfig -- Created secure Kafka producer properties with 18 entries
16:54:08.513 [main] DEBUG com.snowflake.kafka.security.KafkaSecurityConfig -- Configured SSL settings for Kafka
16:54:08.513 [main] DEBUG com.snowflake.kafka.security.KafkaSecurityConfig -- Configured additional security settings for Kafka
16:54:08.513 [main] DEBUG com.snowflake.kafka.security.KafkaSecurityConfig -- Created secure Kafka producer properties with 18 entries
16:54:08.513 [main] DEBUG com.snowflake.kafka.security.KafkaSecurityConfig -- Configured SSL settings for Kafka
16:54:08.513 [main] DEBUG com.snowflake.kafka.security.KafkaSecurityConfig -- Configured additional security settings for Kafka
16:54:08.513 [main] DEBUG com.snowflake.kafka.security.KafkaSecurityConfig -- Created secure Kafka producer properties with 18 entries
16:54:08.513 [main] DEBUG com.snowflake.kafka.security.KafkaSecurityConfig -- Configured SSL settings for Kafka
16:54:08.513 [main] DEBUG com.snowflake.kafka.security.KafkaSecurityConfig -- Configured additional security settings for Kafka
16:54:08.514 [main] DEBUG com.snowflake.kafka.security.KafkaSecurityConfig -- Created secure Kafka producer properties with 18 entries
16:54:08.514 [main] DEBUG com.snowflake.kafka.security.KafkaSecurityConfig -- Configured SSL settings for Kafka
16:54:08.514 [main] DEBUG com.snowflake.kafka.security.KafkaSecurityConfig -- Configured additional security settings for Kafka
16:54:08.514 [main] DEBUG com.snowflake.kafka.security.KafkaSecurityConfig -- Created secure Kafka producer properties with 18 entries
16:54:08.514 [main] DEBUG com.snowflake.kafka.security.KafkaSecurityConfig -- Configured SSL settings for Kafka
16:54:08.514 [main] DEBUG com.snowflake.kafka.security.KafkaSecurityConfig -- Configured additional security settings for Kafka
16:54:08.514 [main] DEBUG com.snowflake.kafka.security.KafkaSecurityConfig -- Created secure Kafka producer properties with 18 entries
16:54:08.514 [main] DEBUG com.snowflake.kafka.security.KafkaSecurityConfig -- Configured SSL settings for Kafka
16:54:08.514 [main] DEBUG com.snowflake.kafka.security.KafkaSecurityConfig -- Configured additional security settings for Kafka
16:54:08.514 [main] DEBUG com.snowflake.kafka.security.KafkaSecurityConfig -- Created secure Kafka producer properties with 18 entries
16:54:08.514 [main] DEBUG com.snowflake.kafka.security.KafkaSecurityConfig -- Configured SSL settings for Kafka
16:54:08.514 [main] DEBUG com.snowflake.kafka.security.KafkaSecurityConfig -- Configured additional security settings for Kafka
16:54:08.514 [main] DEBUG com.snowflake.kafka.security.KafkaSecurityConfig -- Created secure Kafka producer properties with 18 entries
16:54:08.514 [main] DEBUG com.snowflake.kafka.security.KafkaSecurityConfig -- Configured SSL settings for Kafka
16:54:08.514 [main] DEBUG com.snowflake.kafka.security.KafkaSecurityConfig -- Configured additional security settings for Kafka
16:54:08.514 [main] DEBUG com.snowflake.kafka.security.KafkaSecurityConfig -- Created secure Kafka producer properties with 18 entries
16:54:08.514 [main] DEBUG com.snowflake.kafka.security.KafkaSecurityConfig -- Configured SSL settings for Kafka
16:54:08.514 [main] DEBUG com.snowflake.kafka.security.KafkaSecurityConfig -- Configured additional security settings for Kafka
16:54:08.514 [main] DEBUG com.snowflake.kafka.security.KafkaSecurityConfig -- Created secure Kafka producer properties with 18 entries
16:54:08.514 [main] DEBUG com.snowflake.kafka.security.KafkaSecurityConfig -- Configured SSL settings for Kafka
16:54:08.514 [main] DEBUG com.snowflake.kafka.security.KafkaSecurityConfig -- Configured additional security settings for Kafka
16:54:08.514 [main] DEBUG com.snowflake.kafka.security.KafkaSecurityConfig -- Created secure Kafka producer properties with 18 entries
16:54:08.514 [main] DEBUG com.snowflake.kafka.security.KafkaSecurityConfig -- Configured SSL settings for Kafka
16:54:08.514 [main] DEBUG com.snowflake.kafka.security.KafkaSecurityConfig -- Configured additional security settings for Kafka
16:54:08.514 [main] DEBUG com.snowflake.kafka.security.KafkaSecurityConfig -- Created secure Kafka producer properties with 18 entries
16:54:08.514 [main] DEBUG com.snowflake.kafka.security.KafkaSecurityConfig -- Configured SSL settings for Kafka
16:54:08.514 [main] DEBUG com.snowflake.kafka.security.KafkaSecurityConfig -- Configured additional security settings for Kafka
16:54:08.514 [main] DEBUG com.snowflake.kafka.security.KafkaSecurityConfig -- Created secure Kafka producer properties with 18 entries
16:54:08.514 [main] DEBUG com.snowflake.kafka.security.KafkaSecurityConfig -- Configured SSL settings for Kafka
16:54:08.514 [main] DEBUG com.snowflake.kafka.security.KafkaSecurityConfig -- Configured additional security settings for Kafka
16:54:08.514 [main] DEBUG com.snowflake.kafka.security.KafkaSecurityConfig -- Created secure Kafka producer properties with 18 entries
16:54:08.514 [main] DEBUG com.snowflake.kafka.security.KafkaSecurityConfig -- Configured SSL settings for Kafka
16:54:08.514 [main] DEBUG com.snowflake.kafka.security.KafkaSecurityConfig -- Configured additional security settings for Kafka
16:54:08.514 [main] DEBUG com.snowflake.kafka.security.KafkaSecurityConfig -- Created secure Kafka producer properties with 18 entries
16:54:08.514 [main] DEBUG com.snowflake.kafka.security.KafkaSecurityConfig -- Configured SSL settings for Kafka
16:54:08.514 [main] DEBUG com.snowflake.kafka.security.KafkaSecurityConfig -- Configured additional security settings for Kafka
16:54:08.514 [main] DEBUG com.snowflake.kafka.security.KafkaSecurityConfig -- Created secure Kafka producer properties with 18 entries
16:54:08.514 [main] DEBUG com.snowflake.kafka.security.KafkaSecurityConfig -- Configured SSL settings for Kafka
16:54:08.514 [main] DEBUG com.snowflake.kafka.security.KafkaSecurityConfig -- Configured additional security settings for Kafka
16:54:08.514 [main] DEBUG com.snowflake.kafka.security.KafkaSecurityConfig -- Created secure Kafka producer properties with 18 entries
16:54:08.514 [main] DEBUG com.snowflake.kafka.security.KafkaSecurityConfig -- Configured SSL settings for Kafka
16:54:08.514 [main] DEBUG com.snowflake.kafka.security.KafkaSecurityConfig -- Configured additional security settings for Kafka
16:54:08.514 [main] DEBUG com.snowflake.kafka.security.KafkaSecurityConfig -- Created secure Kafka producer properties with 18 entries
16:54:08.514 [main] DEBUG com.snowflake.kafka.security.KafkaSecurityConfig -- Configured SSL settings for Kafka
16:54:08.514 [main] DEBUG com.snowflake.kafka.security.KafkaSecurityConfig -- Configured additional security settings for Kafka
16:54:08.514 [main] DEBUG com.snowflake.kafka.security.KafkaSecurityConfig -- Created secure Kafka producer properties with 18 entries
16:54:08.514 [main] DEBUG com.snowflake.kafka.security.KafkaSecurityConfig -- Configured SSL settings for Kafka
16:54:08.514 [main] DEBUG com.snowflake.kafka.security.KafkaSecurityConfig -- Configured additional security settings for Kafka
16:54:08.514 [main] DEBUG com.snowflake.kafka.security.KafkaSecurityConfig -- Created secure Kafka producer properties with 18 entries
16:54:08.514 [main] DEBUG com.snowflake.kafka.security.KafkaSecurityConfig -- Configured SSL settings for Kafka
16:54:08.514 [main] DEBUG com.snowflake.kafka.security.KafkaSecurityConfig -- Configured additional security settings for Kafka
16:54:08.514 [main] DEBUG com.snowflake.kafka.security.KafkaSecurityConfig -- Created secure Kafka producer properties with 18 entries
16:54:08.514 [main] DEBUG com.snowflake.kafka.security.KafkaSecurityConfig -- Configured SSL settings for Kafka
16:54:08.514 [main] DEBUG com.snowflake.kafka.security.KafkaSecurityConfig -- Configured additional security settings for Kafka
16:54:08.514 [main] DEBUG com.snowflake.kafka.security.KafkaSecurityConfig -- Created secure Kafka producer properties with 18 entries
16:54:08.514 [main] DEBUG com.snowflake.kafka.security.KafkaSecurityConfig -- Configured SSL settings for Kafka
16:54:08.514 [main] DEBUG com.snowflake.kafka.security.KafkaSecurityConfig -- Configured additional security settings for Kafka
16:54:08.514 [main] DEBUG com.snowflake.kafka.security.KafkaSecurityConfig -- Created secure Kafka producer properties with 18 entries
16:54:08.514 [main] DEBUG com.snowflake.kafka.security.KafkaSecurityConfig -- Configured SSL settings for Kafka
16:54:08.514 [main] DEBUG com.snowflake.kafka.security.KafkaSecurityConfig -- Configured additional security settings for Kafka
16:54:08.514 [main] DEBUG com.snowflake.kafka.security.KafkaSecurityConfig -- Created secure Kafka producer properties with 18 entries
16:54:08.514 [main] DEBUG com.snowflake.kafka.security.KafkaSecurityConfig -- Configured SSL settings for Kafka
16:54:08.515 [main] DEBUG com.snowflake.kafka.security.KafkaSecurityConfig -- Configured additional security settings for Kafka
16:54:08.515 [main] DEBUG com.snowflake.kafka.security.KafkaSecurityConfig -- Created secure Kafka producer properties with 18 entries
16:54:08.515 [main] DEBUG com.snowflake.kafka.security.KafkaSecurityConfig -- Configured SSL settings for Kafka
16:54:08.515 [main] DEBUG com.snowflake.kafka.security.KafkaSecurityConfig -- Configured additional security settings for Kafka
16:54:08.515 [main] DEBUG com.snowflake.kafka.security.KafkaSecurityConfig -- Created secure Kafka producer properties with 18 entries
16:54:08.515 [main] DEBUG com.snowflake.kafka.security.KafkaSecurityConfig -- Configured SSL settings for Kafka
16:54:08.515 [main] DEBUG com.snowflake.kafka.security.KafkaSecurityConfig -- Configured additional security settings for Kafka
16:54:08.515 [main] DEBUG com.snowflake.kafka.security.KafkaSecurityConfig -- Created secure Kafka producer properties with 18 entries
16:54:08.515 [main] DEBUG com.snowflake.kafka.security.KafkaSecurityConfig -- Configured SSL settings for Kafka
16:54:08.515 [main] DEBUG com.snowflake.kafka.security.KafkaSecurityConfig -- Configured additional security settings for Kafka
16:54:08.515 [main] DEBUG com.snowflake.kafka.security.KafkaSecurityConfig -- Created secure Kafka producer properties with 18 entries
16:54:08.515 [main] DEBUG com.snowflake.kafka.security.KafkaSecurityConfig -- Configured SSL settings for Kafka
16:54:08.515 [main] DEBUG com.snowflake.kafka.security.KafkaSecurityConfig -- Configured additional security settings for Kafka
16:54:08.515 [main] DEBUG com.snowflake.kafka.security.KafkaSecurityConfig -- Created secure Kafka producer properties with 18 entries
16:54:08.515 [main] DEBUG com.snowflake.kafka.security.KafkaSecurityConfig -- Configured SSL settings for Kafka
16:54:08.515 [main] DEBUG com.snowflake.kafka.security.KafkaSecurityConfig -- Configured additional security settings for Kafka
16:54:08.515 [main] DEBUG com.snowflake.kafka.security.KafkaSecurityConfig -- Created secure Kafka producer properties with 18 entries
16:54:08.515 [main] DEBUG com.snowflake.kafka.security.KafkaSecurityConfig -- Configured SSL settings for Kafka
16:54:08.515 [main] DEBUG com.snowflake.kafka.security.KafkaSecurityConfig -- Configured additional security settings for Kafka
16:54:08.515 [main] DEBUG com.snowflake.kafka.security.KafkaSecurityConfig -- Created secure Kafka producer properties with 18 entries
16:54:08.515 [main] DEBUG com.snowflake.kafka.security.KafkaSecurityConfig -- Configured SSL settings for Kafka
16:54:08.515 [main] DEBUG com.snowflake.kafka.security.KafkaSecurityConfig -- Configured additional security settings for Kafka
16:54:08.515 [main] DEBUG com.snowflake.kafka.security.KafkaSecurityConfig -- Created secure Kafka producer properties with 18 entries
16:54:08.515 [main] DEBUG com.snowflake.kafka.security.KafkaSecurityConfig -- Configured SSL settings for Kafka
16:54:08.515 [main] DEBUG com.snowflake.kafka.security.KafkaSecurityConfig -- Configured additional security settings for Kafka
16:54:08.515 [main] DEBUG com.snowflake.kafka.security.KafkaSecurityConfig -- Created secure Kafka producer properties with 18 entries
16:54:08.515 [main] DEBUG com.snowflake.kafka.security.KafkaSecurityConfig -- Configured SSL settings for Kafka
16:54:08.515 [main] DEBUG com.snowflake.kafka.security.KafkaSecurityConfig -- Configured additional security settings for Kafka
16:54:08.515 [main] DEBUG com.snowflake.kafka.security.KafkaSecurityConfig -- Created secure Kafka producer properties with 18 entries
16:54:08.515 [main] DEBUG com.snowflake.kafka.security.KafkaSecurityConfig -- Configured SSL settings for Kafka
16:54:08.515 [main] DEBUG com.snowflake.kafka.security.KafkaSecurityConfig -- Configured additional security settings for Kafka
16:54:08.515 [main] DEBUG com.snowflake.kafka.security.KafkaSecurityConfig -- Created secure Kafka producer properties with 18 entries
16:54:08.515 [main] DEBUG com.snowflake.kafka.security.KafkaSecurityConfig -- Configured SSL settings for Kafka
16:54:08.515 [main] DEBUG com.snowflake.kafka.security.KafkaSecurityConfig -- Configured additional security settings for Kafka
16:54:08.515 [main] DEBUG com.snowflake.kafka.security.KafkaSecurityConfig -- Created secure Kafka producer properties with 18 entries
16:54:08.515 [main] DEBUG com.snowflake.kafka.security.KafkaSecurityConfig -- Configured SSL settings for Kafka
16:54:08.515 [main] DEBUG com.snowflake.kafka.security.KafkaSecurityConfig -- Configured additional security settings for Kafka
16:54:08.515 [main] DEBUG com.snowflake.kafka.security.KafkaSecurityConfig -- Created secure Kafka producer properties with 18 entries
16:54:08.515 [main] DEBUG com.snowflake.kafka.security.KafkaSecurityConfig -- Configured SSL settings for Kafka
16:54:08.515 [main] DEBUG com.snowflake.kafka.security.KafkaSecurityConfig -- Configured additional security settings for Kafka
16:54:08.515 [main] DEBUG com.snowflake.kafka.security.KafkaSecurityConfig -- Created secure Kafka producer properties with 18 entries
16:54:08.515 [main] DEBUG com.snowflake.kafka.security.KafkaSecurityConfig -- Configured SSL settings for Kafka
16:54:08.515 [main] DEBUG com.snowflake.kafka.security.KafkaSecurityConfig -- Configured additional security settings for Kafka
16:54:08.515 [main] DEBUG com.snowflake.kafka.security.KafkaSecurityConfig -- Created secure Kafka producer properties with 18 entries
16:54:08.515 [main] DEBUG com.snowflake.kafka.security.KafkaSecurityConfig -- Configured SSL settings for Kafka
16:54:08.515 [main] DEBUG com.snowflake.kafka.security.KafkaSecurityConfig -- Configured additional security settings for Kafka
16:54:08.515 [main] DEBUG com.snowflake.kafka.security.KafkaSecurityConfig -- Created secure Kafka producer properties with 18 entries
16:54:08.515 [main] DEBUG com.snowflake.kafka.security.KafkaSecurityConfig -- Configured SSL settings for Kafka
16:54:08.515 [main] DEBUG com.snowflake.kafka.security.KafkaSecurityConfig -- Configured additional security settings for Kafka
16:54:08.515 [main] DEBUG com.snowflake.kafka.security.KafkaSecurityConfig -- Created secure Kafka producer properties with 18 entries
16:54:08.515 [main] DEBUG com.snowflake.kafka.security.KafkaSecurityConfig -- Configured SSL settings for Kafka
16:54:08.515 [main] DEBUG com.snowflake.kafka.security.KafkaSecurityConfig -- Configured additional security settings for Kafka
16:54:08.515 [main] DEBUG com.snowflake.kafka.security.KafkaSecurityConfig -- Created secure Kafka producer properties with 18 entries
16:54:08.515 [main] DEBUG com.snowflake.kafka.security.KafkaSecurityConfig -- Configured SSL settings for Kafka
16:54:08.515 [main] DEBUG com.snowflake.kafka.security.KafkaSecurityConfig -- Configured additional security settings for Kafka
16:54:08.515 [main] DEBUG com.snowflake.kafka.security.KafkaSecurityConfig -- Created secure Kafka producer properties with 18 entries
16:54:08.515 [main] DEBUG com.snowflake.kafka.security.KafkaSecurityConfig -- Configured SSL settings for Kafka
16:54:08.515 [main] DEBUG com.snowflake.kafka.security.KafkaSecurityConfig -- Configured additional security settings for Kafka
16:54:08.515 [main] DEBUG com.snowflake.kafka.security.KafkaSecurityConfig -- Created secure Kafka producer properties with 18 entries
16:54:08.515 [main] DEBUG com.snowflake.kafka.security.KafkaSecurityConfig -- Configured SSL settings for Kafka
16:54:08.515 [main] DEBUG com.snowflake.kafka.security.KafkaSecurityConfig -- Configured additional security settings for Kafka
16:54:08.515 [main] DEBUG com.snowflake.kafka.security.KafkaSecurityConfig -- Created secure Kafka producer properties with 18 entries
16:54:08.515 [main] DEBUG com.snowflake.kafka.security.KafkaSecurityConfig -- Configured SSL settings for Kafka
16:54:08.515 [main] DEBUG com.snowflake.kafka.security.KafkaSecurityConfig -- Configured additional security settings for Kafka
16:54:08.515 [main] DEBUG com.snowflake.kafka.security.KafkaSecurityConfig -- Created secure Kafka producer properties with 18 entries
16:54:08.515 [main] DEBUG com.snowflake.kafka.security.KafkaSecurityConfig -- Configured SSL settings for Kafka
16:54:08.515 [main] DEBUG com.snowflake.kafka.security.KafkaSecurityConfig -- Configured additional security settings for Kafka
16:54:08.515 [main] DEBUG com.snowflake.kafka.security.KafkaSecurityConfig -- Created secure Kafka producer properties with 18 entries
16:54:08.515 [main] DEBUG com.snowflake.kafka.security.KafkaSecurityConfig -- Configured SSL settings for Kafka
16:54:08.515 [main] DEBUG com.snowflake.kafka.security.KafkaSecurityConfig -- Configured additional security settings for Kafka
16:54:08.515 [main] DEBUG com.snowflake.kafka.security.KafkaSecurityConfig -- Created secure Kafka producer properties with 18 entries
16:54:08.516 [main] DEBUG com.snowflake.kafka.security.KafkaSecurityConfig -- Configured SSL settings for Kafka
16:54:08.516 [main] DEBUG com.snowflake.kafka.security.KafkaSecurityConfig -- Configured additional security settings for Kafka
16:54:08.516 [main] DEBUG com.snowflake.kafka.security.KafkaSecurityConfig -- Created secure Kafka producer properties with 18 entries
16:54:08.516 [main] DEBUG com.snowflake.kafka.security.KafkaSecurityConfig -- Configured SSL settings for Kafka
16:54:08.516 [main] DEBUG com.snowflake.kafka.security.KafkaSecurityConfig -- Configured additional security settings for Kafka
16:54:08.516 [main] DEBUG com.snowflake.kafka.security.KafkaSecurityConfig -- Created secure Kafka producer properties with 18 entries
16:54:08.516 [main] DEBUG com.snowflake.kafka.security.KafkaSecurityConfig -- Configured SSL settings for Kafka
16:54:08.516 [main] DEBUG com.snowflake.kafka.security.KafkaSecurityConfig -- Configured additional security settings for Kafka
16:54:08.516 [main] DEBUG com.snowflake.kafka.security.KafkaSecurityConfig -- Created secure Kafka producer properties with 18 entries
16:54:08.516 [main] DEBUG com.snowflake.kafka.security.KafkaSecurityConfig -- Configured SSL settings for Kafka
16:54:08.516 [main] DEBUG com.snowflake.kafka.security.KafkaSecurityConfig -- Configured additional security settings for Kafka
16:54:08.516 [main] DEBUG com.snowflake.kafka.security.KafkaSecurityConfig -- Created secure Kafka producer properties with 18 entries
16:54:08.516 [main] DEBUG com.snowflake.kafka.security.KafkaSecurityConfig -- Configured SSL settings for Kafka
16:54:08.516 [main] DEBUG com.snowflake.kafka.security.KafkaSecurityConfig -- Configured additional security settings for Kafka
16:54:08.516 [main] DEBUG com.snowflake.kafka.security.KafkaSecurityConfig -- Created secure Kafka producer properties with 18 entries
16:54:08.516 [main] DEBUG com.snowflake.kafka.security.KafkaSecurityConfig -- Configured SSL settings for Kafka
16:54:08.516 [main] DEBUG com.snowflake.kafka.security.KafkaSecurityConfig -- Configured additional security settings for Kafka
16:54:08.516 [main] DEBUG com.snowflake.kafka.security.KafkaSecurityConfig -- Created secure Kafka producer properties with 18 entries
16:54:08.516 [main] DEBUG com.snowflake.kafka.security.KafkaSecurityConfig -- Configured SSL settings for Kafka
16:54:08.516 [main] DEBUG com.snowflake.kafka.security.KafkaSecurityConfig -- Configured additional security settings for Kafka
16:54:08.516 [main] DEBUG com.snowflake.kafka.security.KafkaSecurityConfig -- Created secure Kafka producer properties with 18 entries
16:54:08.516 [main] DEBUG com.snowflake.kafka.security.KafkaSecurityConfig -- Configured SSL settings for Kafka
16:54:08.516 [main] DEBUG com.snowflake.kafka.security.KafkaSecurityConfig -- Configured additional security settings for Kafka
16:54:08.516 [main] DEBUG com.snowflake.kafka.security.KafkaSecurityConfig -- Created secure Kafka producer properties with 18 entries
16:54:08.516 [main] DEBUG com.snowflake.kafka.security.KafkaSecurityConfig -- Configured SSL settings for Kafka
16:54:08.516 [main] DEBUG com.snowflake.kafka.security.KafkaSecurityConfig -- Configured additional security settings for Kafka
16:54:08.516 [main] DEBUG com.snowflake.kafka.security.KafkaSecurityConfig -- Created secure Kafka producer properties with 18 entries
16:54:08.516 [main] DEBUG com.snowflake.kafka.security.KafkaSecurityConfig -- Configured SSL settings for Kafka
16:54:08.516 [main] DEBUG com.snowflake.kafka.security.KafkaSecurityConfig -- Configured additional security settings for Kafka
16:54:08.516 [main] DEBUG com.snowflake.kafka.security.KafkaSecurityConfig -- Created secure Kafka producer properties with 18 entries
16:54:08.516 [main] DEBUG com.snowflake.kafka.security.KafkaSecurityConfig -- Configured SSL settings for Kafka
16:54:08.516 [main] DEBUG com.snowflake.kafka.security.KafkaSecurityConfig -- Configured additional security settings for Kafka
16:54:08.516 [main] DEBUG com.snowflake.kafka.security.KafkaSecurityConfig -- Created secure Kafka producer properties with 18 entries
16:54:08.516 [main] DEBUG com.snowflake.kafka.security.KafkaSecurityConfig -- Configured SSL settings for Kafka
16:54:08.516 [main] DEBUG com.snowflake.kafka.security.KafkaSecurityConfig -- Configured additional security settings for Kafka
16:54:08.516 [main] DEBUG com.snowflake.kafka.security.KafkaSecurityConfig -- Created secure Kafka producer properties with 18 entries
16:54:08.516 [main] DEBUG com.snowflake.kafka.security.KafkaSecurityConfig -- Configured SSL settings for Kafka
16:54:08.516 [main] DEBUG com.snowflake.kafka.security.KafkaSecurityConfig -- Configured additional security settings for Kafka
16:54:08.516 [main] DEBUG com.snowflake.kafka.security.KafkaSecurityConfig -- Created secure Kafka producer properties with 18 entries
16:54:08.516 [main] DEBUG com.snowflake.kafka.security.KafkaSecurityConfig -- Configured SSL settings for Kafka
16:54:08.516 [main] DEBUG com.snowflake.kafka.security.KafkaSecurityConfig -- Configured additional security settings for Kafka
16:54:08.516 [main] DEBUG com.snowflake.kafka.security.KafkaSecurityConfig -- Created secure Kafka producer properties with 18 entries
16:54:08.516 [main] DEBUG com.snowflake.kafka.security.KafkaSecurityConfig -- Configured SSL settings for Kafka
16:54:08.516 [main] DEBUG com.snowflake.kafka.security.KafkaSecurityConfig -- Configured additional security settings for Kafka
16:54:08.516 [main] DEBUG com.snowflake.kafka.security.KafkaSecurityConfig -- Created secure Kafka producer properties with 18 entries
16:54:08.516 [main] DEBUG com.snowflake.kafka.security.KafkaSecurityConfig -- Configured SSL settings for Kafka
16:54:08.516 [main] DEBUG com.snowflake.kafka.security.KafkaSecurityConfig -- Configured additional security settings for Kafka
16:54:08.516 [main] DEBUG com.snowflake.kafka.security.KafkaSecurityConfig -- Created secure Kafka producer properties with 18 entries
16:54:08.516 [main] DEBUG com.snowflake.kafka.security.KafkaSecurityConfig -- Configured SSL settings for Kafka
16:54:08.516 [main] DEBUG com.snowflake.kafka.security.KafkaSecurityConfig -- Configured additional security settings for Kafka
16:54:08.516 [main] DEBUG com.snowflake.kafka.security.KafkaSecurityConfig -- Created secure Kafka producer properties with 18 entries
16:54:08.516 [main] DEBUG com.snowflake.kafka.security.KafkaSecurityConfig -- Configured SSL settings for Kafka
16:54:08.516 [main] DEBUG com.snowflake.kafka.security.KafkaSecurityConfig -- Configured additional security settings for Kafka
16:54:08.516 [main] DEBUG com.snowflake.kafka.security.KafkaSecurityConfig -- Created secure Kafka producer properties with 18 entries
16:54:08.516 [main] DEBUG com.snowflake.kafka.security.KafkaSecurityConfig -- Configured SSL settings for Kafka
16:54:08.516 [main] DEBUG com.snowflake.kafka.security.KafkaSecurityConfig -- Configured additional security settings for Kafka
16:54:08.516 [main] DEBUG com.snowflake.kafka.security.KafkaSecurityConfig -- Created secure Kafka producer properties with 18 entries
16:54:08.516 [main] DEBUG com.snowflake.kafka.security.KafkaSecurityConfig -- Configured SSL settings for Kafka
16:54:08.516 [main] DEBUG com.snowflake.kafka.security.KafkaSecurityConfig -- Configured additional security settings for Kafka
16:54:08.516 [main] DEBUG com.snowflake.kafka.security.KafkaSecurityConfig -- Created secure Kafka producer properties with 18 entries
16:54:08.516 [main] DEBUG com.snowflake.kafka.security.KafkaSecurityConfig -- Configured SSL settings for Kafka
16:54:08.516 [main] DEBUG com.snowflake.kafka.security.KafkaSecurityConfig -- Configured additional security settings for Kafka
16:54:08.516 [main] DEBUG com.snowflake.kafka.security.KafkaSecurityConfig -- Created secure Kafka producer properties with 18 entries
16:54:08.516 [main] DEBUG com.snowflake.kafka.security.KafkaSecurityConfig -- Configured SSL settings for Kafka
16:54:08.516 [main] DEBUG com.snowflake.kafka.security.KafkaSecurityConfig -- Configured additional security settings for Kafka
16:54:08.516 [main] DEBUG com.snowflake.kafka.security.KafkaSecurityConfig -- Created secure Kafka producer properties with 18 entries
16:54:08.516 [main] DEBUG com.snowflake.kafka.security.KafkaSecurityConfig -- Configured SSL settings for Kafka
16:54:08.516 [main] DEBUG com.snowflake.kafka.security.KafkaSecurityConfig -- Configured additional security settings for Kafka
16:54:08.516 [main] DEBUG com.snowflake.kafka.security.KafkaSecurityConfig -- Created secure Kafka producer properties with 18 entries
16:54:08.516 [main] DEBUG com.snowflake.kafka.security.KafkaSecurityConfig -- Configured SSL settings for Kafka
16:54:08.516 [main] DEBUG com.snowflake.kafka.security.KafkaSecurityConfig -- Configured additional security settings for Kafka
16:54:08.516 [main] DEBUG com.snowflake.kafka.security.KafkaSecurityConfig -- Created secure Kafka producer properties with 18 entries
16:54:08.516 [main] DEBUG com.snowflake.kafka.security.KafkaSecurityConfig -- Configured SSL settings for Kafka
16:54:08.516 [main] DEBUG com.snowflake.kafka.security.KafkaSecurityConfig -- Configured additional security settings for Kafka
16:54:08.516 [main] DEBUG com.snowflake.kafka.security.KafkaSecurityConfig -- Created secure Kafka producer properties with 18 entries
16:54:08.516 [main] DEBUG com.snowflake.kafka.security.KafkaSecurityConfig -- Configured SSL settings for Kafka
16:54:08.517 [main] DEBUG com.snowflake.kafka.security.KafkaSecurityConfig -- Configured additional security settings for Kafka
16:54:08.517 [main] DEBUG com.snowflake.kafka.security.KafkaSecurityConfig -- Created secure Kafka producer properties with 18 entries
16:54:08.517 [main] DEBUG com.snowflake.kafka.security.KafkaSecurityConfig -- Configured SSL settings for Kafka
16:54:08.517 [main] DEBUG com.snowflake.kafka.security.KafkaSecurityConfig -- Configured additional security settings for Kafka
16:54:08.517 [main] DEBUG com.snowflake.kafka.security.KafkaSecurityConfig -- Created secure Kafka producer properties with 18 entries
16:54:08.517 [main] DEBUG com.snowflake.kafka.security.KafkaSecurityConfig -- Configured SSL settings for Kafka
16:54:08.517 [main] DEBUG com.snowflake.kafka.security.KafkaSecurityConfig -- Configured additional security settings for Kafka
16:54:08.517 [main] DEBUG com.snowflake.kafka.security.KafkaSecurityConfig -- Created secure Kafka producer properties with 18 entries
16:54:08.517 [main] DEBUG com.snowflake.kafka.security.KafkaSecurityConfig -- Configured SSL settings for Kafka
16:54:08.517 [main] DEBUG com.snowflake.kafka.security.KafkaSecurityConfig -- Configured additional security settings for Kafka
16:54:08.517 [main] DEBUG com.snowflake.kafka.security.KafkaSecurityConfig -- Created secure Kafka producer properties with 18 entries
16:54:08.517 [main] DEBUG com.snowflake.kafka.security.KafkaSecurityConfig -- Configured SSL settings for Kafka
16:54:08.517 [main] DEBUG com.snowflake.kafka.security.KafkaSecurityConfig -- Configured additional security settings for Kafka
16:54:08.517 [main] DEBUG com.snowflake.kafka.security.KafkaSecurityConfig -- Created secure Kafka producer properties with 18 entries
16:54:08.517 [main] DEBUG com.snowflake.kafka.security.KafkaSecurityConfig -- Configured SSL settings for Kafka
16:54:08.517 [main] DEBUG com.snowflake.kafka.security.KafkaSecurityConfig -- Configured additional security settings for Kafka
16:54:08.517 [main] DEBUG com.snowflake.kafka.security.KafkaSecurityConfig -- Created secure Kafka producer properties with 18 entries
16:54:08.517 [main] DEBUG com.snowflake.kafka.security.KafkaSecurityConfig -- Configured SSL settings for Kafka
16:54:08.517 [main] DEBUG com.snowflake.kafka.security.KafkaSecurityConfig -- Configured additional security settings for Kafka
16:54:08.517 [main] DEBUG com.snowflake.kafka.security.KafkaSecurityConfig -- Created secure Kafka producer properties with 18 entries
16:54:08.517 [main] DEBUG com.snowflake.kafka.security.KafkaSecurityConfig -- Configured SSL settings for Kafka
16:54:08.517 [main] DEBUG com.snowflake.kafka.security.KafkaSecurityConfig -- Configured additional security settings for Kafka
16:54:08.517 [main] DEBUG com.snowflake.kafka.security.KafkaSecurityConfig -- Created secure Kafka producer properties with 18 entries
16:54:08.517 [main] DEBUG com.snowflake.kafka.security.KafkaSecurityConfig -- Configured SSL settings for Kafka
16:54:08.517 [main] DEBUG com.snowflake.kafka.security.KafkaSecurityConfig -- Configured additional security settings for Kafka
16:54:08.517 [main] DEBUG com.snowflake.kafka.security.KafkaSecurityConfig -- Created secure Kafka producer properties with 18 entries
16:54:08.517 [main] DEBUG com.snowflake.kafka.security.KafkaSecurityConfig -- Configured SSL settings for Kafka
16:54:08.517 [main] DEBUG com.snowflake.kafka.security.KafkaSecurityConfig -- Configured additional security settings for Kafka
16:54:08.517 [main] DEBUG com.snowflake.kafka.security.KafkaSecurityConfig -- Created secure Kafka producer properties with 18 entries
16:54:08.517 [main] DEBUG com.snowflake.kafka.security.KafkaSecurityConfig -- Configured SSL settings for Kafka
16:54:08.517 [main] DEBUG com.snowflake.kafka.security.KafkaSecurityConfig -- Configured additional security settings for Kafka
16:54:08.517 [main] DEBUG com.snowflake.kafka.security.KafkaSecurityConfig -- Created secure Kafka producer properties with 18 entries
16:54:08.517 [main] DEBUG com.snowflake.kafka.security.KafkaSecurityConfig -- Configured SSL settings for Kafka
16:54:08.517 [main] DEBUG com.snowflake.kafka.security.KafkaSecurityConfig -- Configured additional security settings for Kafka
16:54:08.517 [main] DEBUG com.snowflake.kafka.security.KafkaSecurityConfig -- Created secure Kafka producer properties with 18 entries
16:54:08.517 [main] DEBUG com.snowflake.kafka.security.KafkaSecurityConfig -- Configured SSL settings for Kafka
16:54:08.517 [main] DEBUG com.snowflake.kafka.security.KafkaSecurityConfig -- Configured additional security settings for Kafka
16:54:08.517 [main] DEBUG com.snowflake.kafka.security.KafkaSecurityConfig -- Created secure Kafka producer properties with 18 entries
16:54:08.517 [main] DEBUG com.snowflake.kafka.security.KafkaSecurityConfig -- Configured SSL settings for Kafka
16:54:08.517 [main] DEBUG com.snowflake.kafka.security.KafkaSecurityConfig -- Configured additional security settings for Kafka
16:54:08.517 [main] DEBUG com.snowflake.kafka.security.KafkaSecurityConfig -- Created secure Kafka producer properties with 18 entries
16:54:08.517 [main] DEBUG com.snowflake.kafka.security.KafkaSecurityConfig -- Configured SSL settings for Kafka
16:54:08.517 [main] DEBUG com.snowflake.kafka.security.KafkaSecurityConfig -- Configured additional security settings for Kafka
16:54:08.517 [main] DEBUG com.snowflake.kafka.security.KafkaSecurityConfig -- Created secure Kafka producer properties with 18 entries
16:54:08.517 [main] DEBUG com.snowflake.kafka.security.KafkaSecurityConfig -- Configured SSL settings for Kafka
16:54:08.517 [main] DEBUG com.snowflake.kafka.security.KafkaSecurityConfig -- Configured additional security settings for Kafka
16:54:08.517 [main] DEBUG com.snowflake.kafka.security.KafkaSecurityConfig -- Created secure Kafka producer properties with 18 entries
16:54:08.517 [main] DEBUG com.snowflake.kafka.security.KafkaSecurityConfig -- Configured SSL settings for Kafka
16:54:08.517 [main] DEBUG com.snowflake.kafka.security.KafkaSecurityConfig -- Configured additional security settings for Kafka
16:54:08.517 [main] DEBUG com.snowflake.kafka.security.KafkaSecurityConfig -- Created secure Kafka producer properties with 18 entries
16:54:08.517 [main] DEBUG com.snowflake.kafka.security.KafkaSecurityConfig -- Configured SSL settings for Kafka
16:54:08.517 [main] DEBUG com.snowflake.kafka.security.KafkaSecurityConfig -- Configured additional security settings for Kafka
16:54:08.517 [main] DEBUG com.snowflake.kafka.security.KafkaSecurityConfig -- Created secure Kafka producer properties with 18 entries
16:54:08.517 [main] DEBUG com.snowflake.kafka.security.KafkaSecurityConfig -- Configured SSL settings for Kafka
16:54:08.517 [main] DEBUG com.snowflake.kafka.security.KafkaSecurityConfig -- Configured additional security settings for Kafka
16:54:08.517 [main] DEBUG com.snowflake.kafka.security.KafkaSecurityConfig -- Created secure Kafka producer properties with 18 entries
16:54:08.517 [main] DEBUG com.snowflake.kafka.security.KafkaSecurityConfig -- Configured SSL settings for Kafka
16:54:08.517 [main] DEBUG com.snowflake.kafka.security.KafkaSecurityConfig -- Configured additional security settings for Kafka
16:54:08.517 [main] DEBUG com.snowflake.kafka.security.KafkaSecurityConfig -- Created secure Kafka producer properties with 18 entries
16:54:08.517 [main] DEBUG com.snowflake.kafka.security.KafkaSecurityConfig -- Configured SSL settings for Kafka
16:54:08.517 [main] DEBUG com.snowflake.kafka.security.KafkaSecurityConfig -- Configured additional security settings for Kafka
16:54:08.517 [main] DEBUG com.snowflake.kafka.security.KafkaSecurityConfig -- Created secure Kafka producer properties with 18 entries
16:54:08.517 [main] DEBUG com.snowflake.kafka.security.KafkaSecurityConfig -- Configured SSL settings for Kafka
16:54:08.517 [main] DEBUG com.snowflake.kafka.security.KafkaSecurityConfig -- Configured additional security settings for Kafka
16:54:08.517 [main] DEBUG com.snowflake.kafka.security.KafkaSecurityConfig -- Created secure Kafka producer properties with 18 entries
16:54:08.517 [main] DEBUG com.snowflake.kafka.security.KafkaSecurityConfig -- Configured SSL settings for Kafka
16:54:08.517 [main] DEBUG com.snowflake.kafka.security.KafkaSecurityConfig -- Configured additional security settings for Kafka
16:54:08.517 [main] DEBUG com.snowflake.kafka.security.KafkaSecurityConfig -- Created secure Kafka producer properties with 18 entries
16:54:08.517 [main] DEBUG com.snowflake.kafka.security.KafkaSecurityConfig -- Configured SSL settings for Kafka
16:54:08.517 [main] DEBUG com.snowflake.kafka.security.KafkaSecurityConfig -- Configured additional security settings for Kafka
16:54:08.517 [main] DEBUG com.snowflake.kafka.security.KafkaSecurityConfig -- Created secure Kafka producer properties with 18 entries
16:54:08.517 [main] DEBUG com.snowflake.kafka.security.KafkaSecurityConfig -- Configured SSL settings for Kafka
16:54:08.517 [main] DEBUG com.snowflake.kafka.security.KafkaSecurityConfig -- Configured additional security settings for Kafka
16:54:08.517 [main] DEBUG com.snowflake.kafka.security.KafkaSecurityConfig -- Created secure Kafka producer properties with 18 entries
16:54:08.517 [main] DEBUG com.snowflake.kafka.security.KafkaSecurityConfig -- Configured SSL settings for Kafka
16:54:08.517 [main] DEBUG com.snowflake.kafka.security.KafkaSecurityConfig -- Configured additional security settings for Kafka
16:54:08.517 [main] DEBUG com.snowflake.kafka.security.KafkaSecurityConfig -- Created secure Kafka producer properties with 18 entries
16:54:08.517 [main] DEBUG com.snowflake.kafka.security.KafkaSecurityConfig -- Configured SSL settings for Kafka
16:54:08.517 [main] DEBUG com.snowflake.kafka.security.KafkaSecurityConfig -- Configured additional security settings for Kafka
16:54:08.517 [main] DEBUG com.snowflake.kafka.security.KafkaSecurityConfig -- Created secure Kafka producer properties with 18 entries
16:54:08.517 [main] DEBUG com.snowflake.kafka.security.KafkaSecurityConfig -- Configured SSL settings for Kafka
16:54:08.517 [main] DEBUG com.snowflake.kafka.security.KafkaSecurityConfig -- Configured additional security settings for Kafka
16:54:08.517 [main] DEBUG com.snowflake.kafka.security.KafkaSecurityConfig -- Created secure Kafka producer properties with 18 entries
16:54:08.517 [main] DEBUG com.snowflake.kafka.security.KafkaSecurityConfig -- Configured SSL settings for Kafka
16:54:08.517 [main] DEBUG com.snowflake.kafka.security.KafkaSecurityConfig -- Configured additional security settings for Kafka
16:54:08.517 [main] DEBUG com.snowflake.kafka.security.KafkaSecurityConfig -- Created secure Kafka producer properties with 18 entries
16:54:08.517 [main] DEBUG com.snowflake.kafka.security.KafkaSecurityConfig -- Configured SSL settings for Kafka
16:54:08.517 [main] DEBUG com.snowflake.kafka.security.KafkaSecurityConfig -- Configured additional security settings for Kafka
16:54:08.517 [main] DEBUG com.snowflake.kafka.security.KafkaSecurityConfig -- Created secure Kafka producer properties with 18 entries
16:54:08.517 [main] DEBUG com.snowflake.kafka.security.KafkaSecurityConfig -- Configured SSL settings for Kafka
16:54:08.517 [main] DEBUG com.snowflake.kafka.security.KafkaSecurityConfig -- Configured additional security settings for Kafka
16:54:08.517 [main] DEBUG com.snowflake.kafka.security.KafkaSecurityConfig -- Created secure Kafka producer properties with 18 entries
16:54:08.517 [main] DEBUG com.snowflake.kafka.security.KafkaSecurityConfig -- Configured SSL settings for Kafka
16:54:08.517 [main] DEBUG com.snowflake.kafka.security.KafkaSecurityConfig -- Configured additional security settings for Kafka
16:54:08.517 [main] DEBUG com.snowflake.kafka.security.KafkaSecurityConfig -- Created secure Kafka producer properties with 18 entries
16:54:08.517 [main] DEBUG com.snowflake.kafka.security.KafkaSecurityConfig -- Configured SSL settings for Kafka
16:54:08.517 [main] DEBUG com.snowflake.kafka.security.KafkaSecurityConfig -- Configured additional security settings for Kafka
16:54:08.517 [main] DEBUG com.snowflake.kafka.security.KafkaSecurityConfig -- Created secure Kafka producer properties with 18 entries
16:54:08.518 [main] DEBUG com.snowflake.kafka.security.KafkaSecurityConfig -- Configured SSL settings for Kafka
16:54:08.518 [main] DEBUG com.snowflake.kafka.security.KafkaSecurityConfig -- Configured additional security settings for Kafka
16:54:08.518 [main] DEBUG com.snowflake.kafka.security.KafkaSecurityConfig -- Created secure Kafka producer properties with 18 entries
16:54:08.518 [main] DEBUG com.snowflake.kafka.security.KafkaSecurityConfig -- Configured SSL settings for Kafka
16:54:08.518 [main] DEBUG com.snowflake.kafka.security.KafkaSecurityConfig -- Configured additional security settings for Kafka
16:54:08.518 [main] DEBUG com.snowflake.kafka.security.KafkaSecurityConfig -- Created secure Kafka producer properties with 18 entries
16:54:08.518 [main] DEBUG com.snowflake.kafka.security.KafkaSecurityConfig -- Configured SSL settings for Kafka
16:54:08.518 [main] DEBUG com.snowflake.kafka.security.KafkaSecurityConfig -- Configured additional security settings for Kafka
16:54:08.518 [main] DEBUG com.snowflake.kafka.security.KafkaSecurityConfig -- Created secure Kafka producer properties with 18 entries
16:54:08.518 [main] DEBUG com.snowflake.kafka.security.KafkaSecurityConfig -- Configured SSL settings for Kafka
16:54:08.518 [main] DEBUG com.snowflake.kafka.security.KafkaSecurityConfig -- Configured additional security settings for Kafka
16:54:08.518 [main] DEBUG com.snowflake.kafka.security.KafkaSecurityConfig -- Created secure Kafka producer properties with 18 entries
16:54:08.518 [main] DEBUG com.snowflake.kafka.security.KafkaSecurityConfig -- Configured SSL settings for Kafka
16:54:08.518 [main] DEBUG com.snowflake.kafka.security.KafkaSecurityConfig -- Configured additional security settings for Kafka
16:54:08.518 [main] DEBUG com.snowflake.kafka.security.KafkaSecurityConfig -- Created secure Kafka producer properties with 18 entries
16:54:08.518 [main] DEBUG com.snowflake.kafka.security.KafkaSecurityConfig -- Configured SSL settings for Kafka
16:54:08.518 [main] DEBUG com.snowflake.kafka.security.KafkaSecurityConfig -- Configured additional security settings for Kafka
16:54:08.518 [main] DEBUG com.snowflake.kafka.security.KafkaSecurityConfig -- Created secure Kafka producer properties with 18 entries
16:54:08.518 [main] DEBUG com.snowflake.kafka.security.KafkaSecurityConfig -- Configured SSL settings for Kafka
16:54:08.518 [main] DEBUG com.snowflake.kafka.security.KafkaSecurityConfig -- Configured additional security settings for Kafka
16:54:08.518 [main] DEBUG com.snowflake.kafka.security.KafkaSecurityConfig -- Created secure Kafka producer properties with 18 entries
16:54:08.518 [main] DEBUG com.snowflake.kafka.security.KafkaSecurityConfig -- Configured SSL settings for Kafka
16:54:08.518 [main] DEBUG com.snowflake.kafka.security.KafkaSecurityConfig -- Configured additional security settings for Kafka
16:54:08.518 [main] DEBUG com.snowflake.kafka.security.KafkaSecurityConfig -- Created secure Kafka producer properties with 18 entries
16:54:08.518 [main] DEBUG com.snowflake.kafka.security.KafkaSecurityConfig -- Configured SSL settings for Kafka
16:54:08.518 [main] DEBUG com.snowflake.kafka.security.KafkaSecurityConfig -- Configured additional security settings for Kafka
16:54:08.518 [main] DEBUG com.snowflake.kafka.security.KafkaSecurityConfig -- Created secure Kafka producer properties with 18 entries
16:54:08.518 [main] DEBUG com.snowflake.kafka.security.KafkaSecurityConfig -- Configured SSL settings for Kafka
16:54:08.518 [main] DEBUG com.snowflake.kafka.security.KafkaSecurityConfig -- Configured additional security settings for Kafka
16:54:08.518 [main] DEBUG com.snowflake.kafka.security.KafkaSecurityConfig -- Created secure Kafka producer properties with 18 entries
16:54:08.518 [main] DEBUG com.snowflake.kafka.security.KafkaSecurityConfig -- Configured SSL settings for Kafka
16:54:08.518 [main] DEBUG com.snowflake.kafka.security.KafkaSecurityConfig -- Configured additional security settings for Kafka
16:54:08.518 [main] DEBUG com.snowflake.kafka.security.KafkaSecurityConfig -- Created secure Kafka producer properties with 18 entries
16:54:08.518 [main] DEBUG com.snowflake.kafka.security.KafkaSecurityConfig -- Configured SSL settings for Kafka
16:54:08.518 [main] DEBUG com.snowflake.kafka.security.KafkaSecurityConfig -- Configured additional security settings for Kafka
16:54:08.518 [main] DEBUG com.snowflake.kafka.security.KafkaSecurityConfig -- Created secure Kafka producer properties with 18 entries
16:54:08.518 [main] DEBUG com.snowflake.kafka.security.KafkaSecurityConfig -- Configured SSL settings for Kafka
16:54:08.518 [main] DEBUG com.snowflake.kafka.security.KafkaSecurityConfig -- Configured additional security settings for Kafka
16:54:08.518 [main] DEBUG com.snowflake.kafka.security.KafkaSecurityConfig -- Created secure Kafka producer properties with 18 entries
16:54:08.518 [main] DEBUG com.snowflake.kafka.security.KafkaSecurityConfig -- Configured SSL settings for Kafka
16:54:08.518 [main] DEBUG com.snowflake.kafka.security.KafkaSecurityConfig -- Configured additional security settings for Kafka
16:54:08.518 [main] DEBUG com.snowflake.kafka.security.KafkaSecurityConfig -- Created secure Kafka producer properties with 18 entries
16:54:08.518 [main] DEBUG com.snowflake.kafka.security.KafkaSecurityConfig -- Configured SSL settings for Kafka
16:54:08.518 [main] DEBUG com.snowflake.kafka.security.KafkaSecurityConfig -- Configured additional security settings for Kafka
16:54:08.518 [main] DEBUG com.snowflake.kafka.security.KafkaSecurityConfig -- Created secure Kafka producer properties with 18 entries
16:54:08.518 [main] DEBUG com.snowflake.kafka.security.KafkaSecurityConfig -- Configured SSL settings for Kafka
16:54:08.518 [main] DEBUG com.snowflake.kafka.security.KafkaSecurityConfig -- Configured additional security settings for Kafka
16:54:08.518 [main] DEBUG com.snowflake.kafka.security.KafkaSecurityConfig -- Created secure Kafka producer properties with 18 entries
16:54:08.518 [main] DEBUG com.snowflake.kafka.security.KafkaSecurityConfig -- Configured SSL settings for Kafka
16:54:08.518 [main] DEBUG com.snowflake.kafka.security.KafkaSecurityConfig -- Configured additional security settings for Kafka
16:54:08.518 [main] DEBUG com.snowflake.kafka.security.KafkaSecurityConfig -- Created secure Kafka producer properties with 18 entries
16:54:08.518 [main] DEBUG com.snowflake.kafka.security.KafkaSecurityConfig -- Configured SSL settings for Kafka
16:54:08.518 [main] DEBUG com.snowflake.kafka.security.KafkaSecurityConfig -- Configured additional security settings for Kafka
16:54:08.518 [main] DEBUG com.snowflake.kafka.security.KafkaSecurityConfig -- Created secure Kafka producer properties with 18 entries
16:54:08.518 [main] DEBUG com.snowflake.kafka.security.KafkaSecurityConfig -- Configured SSL settings for Kafka
16:54:08.518 [main] DEBUG com.snowflake.kafka.security.KafkaSecurityConfig -- Configured additional security settings for Kafka
16:54:08.518 [main] DEBUG com.snowflake.kafka.security.KafkaSecurityConfig -- Created secure Kafka producer properties with 18 entries
16:54:08.518 [main] DEBUG com.snowflake.kafka.security.KafkaSecurityConfig -- Configured SSL settings for Kafka
16:54:08.518 [main] DEBUG com.snowflake.kafka.security.KafkaSecurityConfig -- Configured additional security settings for Kafka
16:54:08.518 [main] DEBUG com.snowflake.kafka.security.KafkaSecurityConfig -- Created secure Kafka producer properties with 18 entries
16:54:08.518 [main] DEBUG com.snowflake.kafka.security.KafkaSecurityConfig -- Configured SSL settings for Kafka
16:54:08.518 [main] DEBUG com.snowflake.kafka.security.KafkaSecurityConfig -- Configured additional security settings for Kafka
16:54:08.518 [main] DEBUG com.snowflake.kafka.security.KafkaSecurityConfig -- Created secure Kafka producer properties with 18 entries
16:54:08.518 [main] DEBUG com.snowflake.kafka.security.KafkaSecurityConfig -- Configured SSL settings for Kafka
16:54:08.518 [main] DEBUG com.snowflake.kafka.security.KafkaSecurityConfig -- Configured additional security settings for Kafka
16:54:08.518 [main] DEBUG com.snowflake.kafka.security.KafkaSecurityConfig -- Created secure Kafka producer properties with 18 entries
16:54:08.518 [main] DEBUG com.snowflake.kafka.security.KafkaSecurityConfig -- Configured SSL settings for Kafka
16:54:08.518 [main] DEBUG com.snowflake.kafka.security.KafkaSecurityConfig -- Configured additional security settings for Kafka
16:54:08.518 [main] DEBUG com.snowflake.kafka.security.KafkaSecurityConfig -- Created secure Kafka producer properties with 18 entries
16:54:08.518 [main] DEBUG com.snowflake.kafka.security.KafkaSecurityConfig -- Configured SSL settings for Kafka
16:54:08.518 [main] DEBUG com.snowflake.kafka.security.KafkaSecurityConfig -- Configured additional security settings for Kafka
16:54:08.518 [main] DEBUG com.snowflake.kafka.security.KafkaSecurityConfig -- Created secure Kafka producer properties with 18 entries
16:54:08.518 [main] DEBUG com.snowflake.kafka.security.KafkaSecurityConfig -- Configured SSL settings for Kafka
16:54:08.518 [main] DEBUG com.snowflake.kafka.security.KafkaSecurityConfig -- Configured additional security settings for Kafka
16:54:08.518 [main] DEBUG com.snowflake.kafka.security.KafkaSecurityConfig -- Created secure Kafka producer properties with 18 entries
16:54:08.518 [main] DEBUG com.snowflake.kafka.security.KafkaSecurityConfig -- Configured SSL settings for Kafka
16:54:08.518 [main] DEBUG com.snowflake.kafka.security.KafkaSecurityConfig -- Configured additional security settings for Kafka
16:54:08.518 [main] DEBUG com.snowflake.kafka.security.KafkaSecurityConfig -- Created secure Kafka producer properties with 18 entries
16:54:08.518 [main] DEBUG com.snowflake.kafka.security.KafkaSecurityConfig -- Configured SSL settings for Kafka
16:54:08.518 [main] DEBUG com.snowflake.kafka.security.KafkaSecurityConfig -- Configured additional security settings for Kafka
16:54:08.518 [main] DEBUG com.snowflake.kafka.security.KafkaSecurityConfig -- Created secure Kafka producer properties with 18 entries
16:54:08.518 [main] DEBUG com.snowflake.kafka.security.KafkaSecurityConfig -- Configured SSL settings for Kafka
16:54:08.518 [main] DEBUG com.snowflake.kafka.security.KafkaSecurityConfig -- Configured additional security settings for Kafka
16:54:08.518 [main] DEBUG com.snowflake.kafka.security.KafkaSecurityConfig -- Created secure Kafka producer properties with 18 entries
16:54:08.518 [main] DEBUG com.snowflake.kafka.security.KafkaSecurityConfig -- Configured SSL settings for Kafka
16:54:08.518 [main] DEBUG com.snowflake.kafka.security.KafkaSecurityConfig -- Configured additional security settings for Kafka
16:54:08.518 [main] DEBUG com.snowflake.kafka.security.KafkaSecurityConfig -- Created secure Kafka producer properties with 18 entries
16:54:08.518 [main] DEBUG com.snowflake.kafka.security.KafkaSecurityConfig -- Configured SSL settings for Kafka
16:54:08.518 [main] DEBUG com.snowflake.kafka.security.KafkaSecurityConfig -- Configured additional security settings for Kafka
16:54:08.518 [main] DEBUG com.snowflake.kafka.security.KafkaSecurityConfig -- Created secure Kafka producer properties with 18 entries
16:54:08.518 [main] DEBUG com.snowflake.kafka.security.KafkaSecurityConfig -- Configured SSL settings for Kafka
16:54:08.518 [main] DEBUG com.snowflake.kafka.security.KafkaSecurityConfig -- Configured additional security settings for Kafka
16:54:08.518 [main] DEBUG com.snowflake.kafka.security.KafkaSecurityConfig -- Created secure Kafka producer properties with 18 entries
16:54:08.518 [main] DEBUG com.snowflake.kafka.security.KafkaSecurityConfig -- Configured SSL settings for Kafka
16:54:08.519 [main] DEBUG com.snowflake.kafka.security.KafkaSecurityConfig -- Configured additional security settings for Kafka
16:54:08.519 [main] DEBUG com.snowflake.kafka.security.KafkaSecurityConfig -- Created secure Kafka producer properties with 18 entries
16:54:08.519 [main] DEBUG com.snowflake.kafka.security.KafkaSecurityConfig -- Configured SSL settings for Kafka
16:54:08.519 [main] DEBUG com.snowflake.kafka.security.KafkaSecurityConfig -- Configured additional security settings for Kafka
16:54:08.519 [main] DEBUG com.snowflake.kafka.security.KafkaSecurityConfig -- Created secure Kafka producer properties with 18 entries
16:54:08.519 [main] DEBUG com.snowflake.kafka.security.KafkaSecurityConfig -- Configured SSL settings for Kafka
16:54:08.519 [main] DEBUG com.snowflake.kafka.security.KafkaSecurityConfig -- Configured additional security settings for Kafka
16:54:08.519 [main] DEBUG com.snowflake.kafka.security.KafkaSecurityConfig -- Created secure Kafka producer properties with 18 entries
16:54:08.519 [main] DEBUG com.snowflake.kafka.security.KafkaSecurityConfig -- Configured SSL settings for Kafka
16:54:08.519 [main] DEBUG com.snowflake.kafka.security.KafkaSecurityConfig -- Configured additional security settings for Kafka
16:54:08.519 [main] DEBUG com.snowflake.kafka.security.KafkaSecurityConfig -- Created secure Kafka producer properties with 18 entries
16:54:08.519 [main] DEBUG com.snowflake.kafka.security.KafkaSecurityConfig -- Configured SSL settings for Kafka
16:54:08.519 [main] DEBUG com.snowflake.kafka.security.KafkaSecurityConfig -- Configured additional security settings for Kafka
16:54:08.519 [main] DEBUG com.snowflake.kafka.security.KafkaSecurityConfig -- Created secure Kafka producer properties with 18 entries
16:54:08.519 [main] DEBUG com.snowflake.kafka.security.KafkaSecurityConfig -- Configured SSL settings for Kafka
16:54:08.519 [main] DEBUG com.snowflake.kafka.security.KafkaSecurityConfig -- Configured additional security settings for Kafka
16:54:08.519 [main] DEBUG com.snowflake.kafka.security.KafkaSecurityConfig -- Created secure Kafka producer properties with 18 entries
16:54:08.519 [main] DEBUG com.snowflake.kafka.security.KafkaSecurityConfig -- Configured SSL settings for Kafka
16:54:08.519 [main] DEBUG com.snowflake.kafka.security.KafkaSecurityConfig -- Configured additional security settings for Kafka
16:54:08.519 [main] DEBUG com.snowflake.kafka.security.KafkaSecurityConfig -- Created secure Kafka producer properties with 18 entries
16:54:08.519 [main] DEBUG com.snowflake.kafka.security.KafkaSecurityConfig -- Configured SSL settings for Kafka
16:54:08.519 [main] DEBUG com.snowflake.kafka.security.KafkaSecurityConfig -- Configured additional security settings for Kafka
16:54:08.519 [main] DEBUG com.snowflake.kafka.security.KafkaSecurityConfig -- Created secure Kafka producer properties with 18 entries
16:54:08.519 [main] DEBUG com.snowflake.kafka.security.KafkaSecurityConfig -- Configured SSL settings for Kafka
16:54:08.519 [main] DEBUG com.snowflake.kafka.security.KafkaSecurityConfig -- Configured additional security settings for Kafka
16:54:08.519 [main] DEBUG com.snowflake.kafka.security.KafkaSecurityConfig -- Created secure Kafka producer properties with 18 entries
16:54:08.519 [main] DEBUG com.snowflake.kafka.security.KafkaSecurityConfig -- Configured SSL settings for Kafka
16:54:08.519 [main] DEBUG com.snowflake.kafka.security.KafkaSecurityConfig -- Configured additional security settings for Kafka
16:54:08.519 [main] DEBUG com.snowflake.kafka.security.KafkaSecurityConfig -- Created secure Kafka producer properties with 18 entries
16:54:08.519 [main] DEBUG com.snowflake.kafka.security.KafkaSecurityConfig -- Configured SSL settings for Kafka
16:54:08.519 [main] DEBUG com.snowflake.kafka.security.KafkaSecurityConfig -- Configured additional security settings for Kafka
16:54:08.519 [main] DEBUG com.snowflake.kafka.security.KafkaSecurityConfig -- Created secure Kafka producer properties with 18 entries
16:54:08.519 [main] DEBUG com.snowflake.kafka.security.KafkaSecurityConfig -- Configured SSL settings for Kafka
16:54:08.519 [main] DEBUG com.snowflake.kafka.security.KafkaSecurityConfig -- Configured additional security settings for Kafka
16:54:08.519 [main] DEBUG com.snowflake.kafka.security.KafkaSecurityConfig -- Created secure Kafka producer properties with 18 entries
16:54:08.519 [main] DEBUG com.snowflake.kafka.security.KafkaSecurityConfig -- Configured SSL settings for Kafka
16:54:08.519 [main] DEBUG com.snowflake.kafka.security.KafkaSecurityConfig -- Configured additional security settings for Kafka
16:54:08.519 [main] DEBUG com.snowflake.kafka.security.KafkaSecurityConfig -- Created secure Kafka producer properties with 18 entries
16:54:08.519 [main] DEBUG com.snowflake.kafka.security.KafkaSecurityConfig -- Configured SSL settings for Kafka
16:54:08.519 [main] DEBUG com.snowflake.kafka.security.KafkaSecurityConfig -- Configured additional security settings for Kafka
16:54:08.519 [main] DEBUG com.snowflake.kafka.security.KafkaSecurityConfig -- Created secure Kafka producer properties with 18 entries
16:54:08.519 [main] DEBUG com.snowflake.kafka.security.KafkaSecurityConfig -- Configured SSL settings for Kafka
16:54:08.519 [main] DEBUG com.snowflake.kafka.security.KafkaSecurityConfig -- Configured additional security settings for Kafka
16:54:08.519 [main] DEBUG com.snowflake.kafka.security.KafkaSecurityConfig -- Created secure Kafka producer properties with 18 entries
16:54:08.519 [main] DEBUG com.snowflake.kafka.security.KafkaSecurityConfig -- Configured SSL settings for Kafka
16:54:08.519 [main] DEBUG com.snowflake.kafka.security.KafkaSecurityConfig -- Configured additional security settings for Kafka
16:54:08.519 [main] DEBUG com.snowflake.kafka.security.KafkaSecurityConfig -- Created secure Kafka producer properties with 18 entries
16:54:08.519 [main] DEBUG com.snowflake.kafka.security.KafkaSecurityConfig -- Configured SSL settings for Kafka
16:54:08.519 [main] DEBUG com.snowflake.kafka.security.KafkaSecurityConfig -- Configured additional security settings for Kafka
16:54:08.519 [main] DEBUG com.snowflake.kafka.security.KafkaSecurityConfig -- Created secure Kafka producer properties with 18 entries
16:54:08.519 [main] DEBUG com.snowflake.kafka.security.KafkaSecurityConfig -- Configured SSL settings for Kafka
16:54:08.519 [main] DEBUG com.snowflake.kafka.security.KafkaSecurityConfig -- Configured additional security settings for Kafka
16:54:08.519 [main] DEBUG com.snowflake.kafka.security.KafkaSecurityConfig -- Created secure Kafka producer properties with 18 entries
[...]
16:54:08.536 [main] DEBUG com.snowflake.kafka.security.KafkaSecurityConfig -- Configured SSL settings for Kafka
16:54:08.536 [main] DEBUG com.snowflake.kafka.security.KafkaSecurityConfig -- Configured additional security settings for Kafka
16:54:08.536 [main] DEBUG com.snowflake.kafka.security.KafkaSecurityConfig -- Created secure Kafka producer properties with 18 entries
16:54:08.536 [main] DEBUG com.snowflake.kafka.security.KafkaSecurityConfig -- Configured SSL settings for Kafka
16:54:08.536 [main] DEBUG com.snowflake.kafka.security.KafkaSecurityConfig -- Configured additional security settings for Kafka
16:54:08.536 [main] DEBUG com.snowflake.kafka.security.KafkaSecurityConfig -- Created secure Kafka producer properties with 18 entries
16:54:08.536 [main] DEBUG com.snowflake.kafka.security.KafkaSecurityConfig -- Configured SSL settings for Kafka
16:54:08.536 [main] DEBUG com.snowflake.kafka.security.KafkaSecurityConfig -- Configured additional security settings for Kafka
16:54:08.536 [main] DEBUG com.snowflake.kafka.security.KafkaSecurityConfig -- Created secure Kafka producer properties with 18 entries
16:54:08.536 [main] DEBUG com.snowflake.kafka.security.KafkaSecurityConfig -- Configured SSL settings for Kafka
16:54:08.536 [main] DEBUG com.snowflake.kafka.security.KafkaSecurityConfig -- Configured additional security settings for Kafka
16:54:08.536 [main] DEBUG com.snowflake.kafka.security.KafkaSecurityConfig -- Created secure Kafka producer properties with 18 entries
16:54:08.536 [main] DEBUG com.snowflake.kafka.security.KafkaSecurityConfig -- Configured SSL settings for Kafka
16:54:08.536 [main] DEBUG com.snowflake.kafka.security.KafkaSecurityConfig -- Configured additional security settings for Kafka
16:54:08.536 [main] DEBUG com.snowflake.kafka.security.KafkaSecurityConfig -- Created secure Kafka producer properties with 18 entries
16:54:08.536 [main] DEBUG com.snowflake.kafka.security.KafkaSecurityConfig -- Configured SSL settings for Kafka
16:54:08.536 [main] DEBUG com.snowflake.kafka.security.KafkaSecurityConfig -- Configured additional security settings for Kafka
16:54:08.536 [main] DEBUG com.snowflake.kafka.security.KafkaSecurityConfig -- Created secure Kafka producer properties with 18 entries
16:54:08.536 [main] DEBUG com.snowflake.kafka.security.KafkaSecurityConfig -- Configured SSL settings for Kafka
16:54:08.536 [main] DEBUG com.snowflake.kafka.security.KafkaSecurityConfig -- Configured additional security settings for Kafka
16:54:08.536 [main] DEBUG com.snowflake.kafka.security.KafkaSecurityConfig -- Created secure Kafka producer properties with 18 entries
16:54:08.536 [main] DEBUG com.snowflake.kafka.security.KafkaSecurityConfig -- Configured SSL settings for Kafka
16:54:08.536 [main] DEBUG com.snowflake.kafka.security.KafkaSecurityConfig -- Configured additional security settings for Kafka
16:54:08.536 [main] DEBUG com.snowflake.kafka.security.KafkaSecurityConfig -- Created secure Kafka producer properties with 18 entries
16:54:08.536 [main] DEBUG com.snowflake.kafka.security.KafkaSecurityConfig -- Configured SSL settings for Kafka
16:54:08.536 [main] DEBUG com.snowflake.kafka.security.KafkaSecurityConfig -- Configured additional security settings for Kafka
16:54:08.536 [main] DEBUG com.snowflake.kafka.security.KafkaSecurityConfig -- Created secure Kafka producer properties with 18 entries
16:54:08.536 [main] DEBUG com.snowflake.kafka.security.KafkaSecurityConfig -- Configured SSL settings for Kafka
16:54:08.536 [main] DEBUG com.snowflake.kafka.security.KafkaSecurityConfig -- Configured additional security settings for Kafka
16:54:08.536 [main] DEBUG com.snowflake.kafka.security.KafkaSecurityConfig -- Created secure Kafka producer properties with 18 entries
16:54:08.536 [main] DEBUG com.snowflake.kafka.security.KafkaSecurityConfig -- Configured SSL settings for Kafka
16:54:08.536 [main] DEBUG com.snowflake.kafka.security.KafkaSecurityConfig -- Configured additional security settings for Kafka
16:54:08.536 [main] DEBUG com.snowflake.kafka.security.KafkaSecurityConfig -- Created secure Kafka producer properties with 18 entries
16:54:08.536 [main] DEBUG com.snowflake.kafka.security.KafkaSecurityConfig -- Configured SSL settings for Kafka
16:54:08.536 [main] DEBUG com.snowflake.kafka.security.KafkaSecurityConfig -- Configured additional security settings for Kafka
16:54:08.536 [main] DEBUG com.snowflake.kafka.security.KafkaSecurityConfig -- Created secure Kafka producer properties with 18 entries
16:54:08.536 [main] DEBUG com.snowflake.kafka.security.KafkaSecurityConfig -- Configured SSL settings for Kafka
16:54:08.536 [main] DEBUG com.snowflake.kafka.security.KafkaSecurityConfig -- Configured additional security settings for Kafka
16:54:08.536 [main] DEBUG com.snowflake.kafka.security.KafkaSecurityConfig -- Created secure Kafka producer properties with 18 entries
16:54:08.536 [main] DEBUG com.snowflake.kafka.security.KafkaSecurityConfig -- Configured SSL settings for Kafka
16:54:08.536 [main] DEBUG com.snowflake.kafka.security.KafkaSecurityConfig -- Configured additional security settings for Kafka
16:54:08.536 [main] DEBUG com.snowflake.kafka.security.KafkaSecurityConfig -- Created secure Kafka producer properties with 18 entries
16:54:08.536 [main] DEBUG com.snowflake.kafka.security.KafkaSecurityConfig -- Configured SSL settings for Kafka
16:54:08.536 [main] DEBUG com.snowflake.kafka.security.KafkaSecurityConfig -- Configured additional security settings for Kafka
16:54:08.536 [main] DEBUG com.snowflake.kafka.security.KafkaSecurityConfig -- Created secure Kafka producer properties with 18 entries
16:54:08.536 [main] DEBUG com.snowflake.kafka.security.KafkaSecurityConfig -- Configured SSL settings for Kafka
16:54:08.536 [main] DEBUG com.snowflake.kafka.security.KafkaSecurityConfig -- Configured additional security settings for Kafka
16:54:08.536 [main] DEBUG com.snowflake.kafka.security.KafkaSecurityConfig -- Created secure Kafka producer properties with 18 entries
16:54:08.536 [main] DEBUG com.snowflake.kafka.security.KafkaSecurityConfig -- Configured SSL settings for Kafka
16:54:08.536 [main] DEBUG com.snowflake.kafka.security.KafkaSecurityConfig -- Configured additional security settings for Kafka
16:54:08.536 [main] DEBUG com.snowflake.kafka.security.KafkaSecurityConfig -- Created secure Kafka producer properties with 18 entries
16:54:08.536 [main] DEBUG com.snowflake.kafka.security.KafkaSecurityConfig -- Configured SSL settings for Kafka
16:54:08.536 [main] DEBUG com.snowflake.kafka.security.KafkaSecurityConfig -- Configured additional security settings for Kafka
16:54:08.536 [main] DEBUG com.snowflake.kafka.security.KafkaSecurityConfig -- Created secure Kafka producer properties with 18 entries
16:54:08.536 [main] DEBUG com.snowflake.kafka.security.KafkaSecurityConfig -- Configured SSL settings for Kafka
16:54:08.536 [main] DEBUG com.snowflake.kafka.security.KafkaSecurityConfig -- Configured additional security settings for Kafka
16:54:08.536 [main] DEBUG com.snowflake.kafka.security.KafkaSecurityConfig -- Created secure Kafka producer properties with 18 entries
16:54:08.536 [main] DEBUG com.snowflake.kafka.security.KafkaSecurityConfig -- Configured SSL settings for Kafka
16:54:08.536 [main] DEBUG com.snowflake.kafka.security.KafkaSecurityConfig -- Configured additional security settings for Kafka
16:54:08.536 [main] DEBUG com.snowflake.kafka.security.KafkaSecurityConfig -- Created secure Kafka producer properties with 18 entries
16:54:08.536 [main] DEBUG com.snowflake.kafka.security.KafkaSecurityConfig -- Configured SSL settings for Kafka
16:54:08.536 [main] DEBUG com.snowflake.kafka.security.KafkaSecurityConfig -- Configured additional security settings for Kafka
16:54:08.536 [main] DEBUG com.snowflake.kafka.security.KafkaSecurityConfig -- Created secure Kafka producer properties with 18 entries
16:54:08.536 [main] DEBUG com.snowflake.kafka.security.KafkaSecurityConfig -- Configured SSL settings for Kafka
16:54:08.536 [main] DEBUG com.snowflake.kafka.security.KafkaSecurityConfig -- Configured additional security settings for Kafka
16:54:08.536 [main] DEBUG com.snowflake.kafka.security.KafkaSecurityConfig -- Created secure Kafka producer properties with 18 entries
16:54:08.536 [main] DEBUG com.snowflake.kafka.security.KafkaSecurityConfig -- Configured SSL settings for Kafka
16:54:08.536 [main] DEBUG com.snowflake.kafka.security.KafkaSecurityConfig -- Configured additional security settings for Kafka
16:54:08.536 [main] DEBUG com.snowflake.kafka.security.KafkaSecurityConfig -- Created secure Kafka producer properties with 18 entries
16:54:08.536 [main] DEBUG com.snowflake.kafka.security.KafkaSecurityConfig -- Configured SSL settings for Kafka
16:54:08.536 [main] DEBUG com.snowflake.kafka.security.KafkaSecurityConfig -- Configured additional security settings for Kafka
16:54:08.536 [main] DEBUG com.snowflake.kafka.security.KafkaSecurityConfig -- Created secure Kafka producer properties with 18 entries
16:54:08.536 [main] DEBUG com.snowflake.kafka.security.KafkaSecurityConfig -- Configured SSL settings for Kafka
16:54:08.536 [main] DEBUG com.snowflake.kafka.security.KafkaSecurityConfig -- Configured additional security settings for Kafka
16:54:08.536 [main] DEBUG com.snowflake.kafka.security.KafkaSecurityConfig -- Created secure Kafka producer properties with 18 entries
16:54:08.536 [main] DEBUG com.snowflake.kafka.security.KafkaSecurityConfig -- Configured SSL settings for Kafka
16:54:08.536 [main] DEBUG com.snowflake.kafka.security.KafkaSecurityConfig -- Configured additional security settings for Kafka
16:54:08.536 [main] DEBUG com.snowflake.kafka.security.KafkaSecurityConfig -- Created secure Kafka producer properties with 18 entries
16:54:08.536 [main] DEBUG com.snowflake.kafka.security.KafkaSecurityConfig -- Configured SSL settings for Kafka
16:54:08.536 [main] DEBUG com.snowflake.kafka.security.KafkaSecurityConfig -- Configured additional security settings for Kafka
16:54:08.536 [main] DEBUG com.snowflake.kafka.security.KafkaSecurityConfig -- Created secure Kafka producer properties with 18 entries
16:54:08.536 [main] DEBUG com.snowflake.kafka.security.KafkaSecurityConfig -- Configured SSL settings for Kafka
16:54:08.536 [main] DEBUG com.snowflake.kafka.security.KafkaSecurityConfig -- Configured additional security settings for Kafka
16:54:08.536 [main] DEBUG com.snowflake.kafka.security.KafkaSecurityConfig -- Created secure Kafka producer properties with 18 entries
16:54:08.536 [main] DEBUG com.snowflake.kafka.security.KafkaSecurityConfig -- Configured SSL settings for Kafka
16:54:08.536 [main] DEBUG com.snowflake.kafka.security.KafkaSecurityConfig -- Configured additional security settings for Kafka
16:54:08.536 [main] DEBUG com.snowflake.kafka.security.KafkaSecurityConfig -- Created secure Kafka producer properties with 18 entries
16:54:08.536 [main] DEBUG com.snowflake.kafka.security.KafkaSecurityConfig -- Configured SSL settings for Kafka
16:54:08.536 [main] DEBUG com.snowflake.kafka.security.KafkaSecurityConfig -- Configured additional security settings for Kafka
16:54:08.536 [main] DEBUG com.snowflake.kafka.security.KafkaSecurityConfig -- Created secure Kafka producer properties with 18 entries
16:54:08.536 [main] DEBUG com.snowflake.kafka.security.KafkaSecurityConfig -- Configured SSL settings for Kafka
16:54:08.536 [main] DEBUG com.snowflake.kafka.security.KafkaSecurityConfig -- Configured additional security settings for Kafka
16:54:08.536 [main] DEBUG com.snowflake.kafka.security.KafkaSecurityConfig -- Created secure Kafka producer properties with 18 entries
16:54:08.536 [main] DEBUG com.snowflake.kafka.security.KafkaSecurityConfig -- Configured SSL settings for Kafka
16:54:08.536 [main] DEBUG com.snowflake.kafka.security.KafkaSecurityConfig -- Configured additional security settings for Kafka
16:54:08.536 [main] DEBUG com.snowflake.kafka.security.KafkaSecurityConfig -- Created secure Kafka producer properties with 18 entries
16:54:08.536 [main] DEBUG com.snowflake.kafka.security.KafkaSecurityConfig -- Configured SSL settings for Kafka
16:54:08.536 [main] DEBUG com.snowflake.kafka.security.KafkaSecurityConfig -- Configured additional security settings for Kafka
16:54:08.536 [main] DEBUG com.snowflake.kafka.security.KafkaSecurityConfig -- Created secure Kafka producer properties with 18 entries
Created 1000 secure property sets in 27ms
]]></system-out>
  </testcase>
  <testcase name="testSSLConfiguration" classname="com.snowflake.kafka.security.KafkaSecurityConfigTest" time="0.005">
    <system-out><![CDATA[16:54:08.545 [main] INFO com.snowflake.kafka.security.KafkaSecurityConfig -- Kafka security configuration validation successful
16:54:08.545 [main] INFO com.snowflake.kafka.security.KafkaSecurityConfig -- Kafka security configuration initialized: protocol=SSL, mechanism=null
16:54:08.545 [main] DEBUG com.snowflake.kafka.security.KafkaSecurityConfig -- Configured SSL settings for Kafka
16:54:08.545 [main] DEBUG com.snowflake.kafka.security.KafkaSecurityConfig -- Configured additional security settings for Kafka
16:54:08.545 [main] DEBUG com.snowflake.kafka.security.KafkaSecurityConfig -- Created secure Kafka producer properties with 22 entries
]]></system-out>
  </testcase>
  <testcase name="testSASLScramConfiguration" classname="com.snowflake.kafka.security.KafkaSecurityConfigTest" time="0.005">
    <system-out><![CDATA[16:54:08.551 [main] INFO com.snowflake.kafka.security.KafkaSecurityConfig -- Kafka security configuration validation successful
16:54:08.551 [main] INFO com.snowflake.kafka.security.KafkaSecurityConfig -- Kafka security configuration initialized: protocol=SASL_SSL, mechanism=SCRAM_SHA_256
16:54:08.551 [main] DEBUG com.snowflake.kafka.security.KafkaSecurityConfig -- Configured SSL settings for Kafka
16:54:08.551 [main] DEBUG com.snowflake.kafka.security.KafkaSecurityConfig -- Configured SASL settings for Kafka with mechanism: SCRAM_SHA_256
16:54:08.552 [main] DEBUG com.snowflake.kafka.security.KafkaSecurityConfig -- Configured additional security settings for Kafka
16:54:08.552 [main] DEBUG com.snowflake.kafka.security.KafkaSecurityConfig -- Created secure Kafka producer properties with 20 entries
]]></system-out>
  </testcase>
  <testcase name="testValidationErrors" classname="com.snowflake.kafka.security.KafkaSecurityConfigTest" time="0.005"/>
  <testcase name="testHostnameVerificationDisabled" classname="com.snowflake.kafka.security.KafkaSecurityConfigTest" time="0.004">
    <system-out><![CDATA[16:54:08.562 [main] INFO com.snowflake.kafka.security.KafkaSecurityConfig -- Kafka security configuration validation successful
16:54:08.562 [main] INFO com.snowflake.kafka.security.KafkaSecurityConfig -- Kafka security configuration initialized: protocol=SSL, mechanism=null
16:54:08.562 [main] DEBUG com.snowflake.kafka.security.KafkaSecurityConfig -- Configured SSL settings for Kafka
16:54:08.562 [main] DEBUG com.snowflake.kafka.security.KafkaSecurityConfig -- Configured additional security settings for Kafka
16:54:08.562 [main] DEBUG com.snowflake.kafka.security.KafkaSecurityConfig -- Created secure Kafka producer properties with 17 entries
]]></system-out>
  </testcase>
  <testcase name="testConsumerProperties" classname="com.snowflake.kafka.security.KafkaSecurityConfigTest" time="0.039">
    <system-out><![CDATA[16:54:08.565 [main] INFO com.snowflake.kafka.security.KafkaSecurityConfig -- Kafka security configuration validation successful
16:54:08.566 [main] INFO com.snowflake.kafka.security.KafkaSecurityConfig -- Kafka security configuration initialized: protocol=SSL, mechanism=null
16:54:08.566 [main] DEBUG com.snowflake.kafka.security.KafkaSecurityConfig -- Configured SSL settings for Kafka
16:54:08.566 [main] DEBUG com.snowflake.kafka.security.KafkaSecurityConfig -- Configured additional security settings for Kafka
16:54:08.566 [main] DEBUG com.snowflake.kafka.security.KafkaSecurityConfig -- Created secure Kafka consumer properties with 19 entries
]]></system-out>
  </testcase>
  <testcase name="testSASLPlainConfiguration" classname="com.snowflake.kafka.security.KafkaSecurityConfigTest" time="0.019">
    <system-out><![CDATA[16:54:08.632 [main] INFO com.snowflake.kafka.security.KafkaSecurityConfig -- Kafka security configuration validation successful
16:54:08.632 [main] INFO com.snowflake.kafka.security.KafkaSecurityConfig -- Kafka security configuration initialized: protocol=SASL_PLAINTEXT, mechanism=PLAIN
16:54:08.632 [main] DEBUG com.snowflake.kafka.security.KafkaSecurityConfig -- Configured SASL settings for Kafka with mechanism: PLAIN
16:54:08.632 [main] DEBUG com.snowflake.kafka.security.KafkaSecurityConfig -- Configured additional security settings for Kafka
16:54:08.632 [main] DEBUG com.snowflake.kafka.security.KafkaSecurityConfig -- Created secure Kafka producer properties with 8 entries
]]></system-out>
  </testcase>
  <testcase name="testAllSaslMechanisms" classname="com.snowflake.kafka.security.KafkaSecurityConfigTest" time="0.018">
    <system-out><![CDATA[16:54:08.642 [main] INFO com.snowflake.kafka.security.KafkaSecurityConfig -- Kafka security configuration validation successful
16:54:08.642 [main] INFO com.snowflake.kafka.security.KafkaSecurityConfig -- Kafka security configuration initialized: protocol=SASL_PLAINTEXT, mechanism=PLAIN
16:54:08.642 [main] DEBUG com.snowflake.kafka.security.KafkaSecurityConfig -- Configured SASL settings for Kafka with mechanism: PLAIN
16:54:08.642 [main] DEBUG com.snowflake.kafka.security.KafkaSecurityConfig -- Configured additional security settings for Kafka
16:54:08.642 [main] DEBUG com.snowflake.kafka.security.KafkaSecurityConfig -- Created secure Kafka producer properties with 7 entries
16:54:08.642 [main] INFO com.snowflake.kafka.security.KafkaSecurityConfig -- Kafka security configuration validation successful
16:54:08.642 [main] INFO com.snowflake.kafka.security.KafkaSecurityConfig -- Kafka security configuration initialized: protocol=SASL_PLAINTEXT, mechanism=SCRAM_SHA_256
16:54:08.642 [main] DEBUG com.snowflake.kafka.security.KafkaSecurityConfig -- Configured SASL settings for Kafka with mechanism: SCRAM_SHA_256
16:54:08.642 [main] DEBUG com.snowflake.kafka.security.KafkaSecurityConfig -- Configured additional security settings for Kafka
16:54:08.642 [main] DEBUG com.snowflake.kafka.security.KafkaSecurityConfig -- Created secure Kafka producer properties with 7 entries
16:54:08.642 [main] INFO com.snowflake.kafka.security.KafkaSecurityConfig -- Kafka security configuration validation successful
16:54:08.642 [main] INFO com.snowflake.kafka.security.KafkaSecurityConfig -- Kafka security configuration initialized: protocol=SASL_PLAINTEXT, mechanism=SCRAM_SHA_512
16:54:08.642 [main] DEBUG com.snowflake.kafka.security.KafkaSecurityConfig -- Configured SASL settings for Kafka with mechanism: SCRAM_SHA_512
16:54:08.642 [main] DEBUG com.snowflake.kafka.security.KafkaSecurityConfig -- Configured additional security settings for Kafka
16:54:08.642 [main] DEBUG com.snowflake.kafka.security.KafkaSecurityConfig -- Created secure Kafka producer properties with 7 entries
]]></system-out>
  </testcase>
  <testcase name="testPlaintextConfiguration" classname="com.snowflake.kafka.security.KafkaSecurityConfigTest" time="0.004">
    <system-out><![CDATA[16:54:08.657 [main] INFO com.snowflake.kafka.security.KafkaSecurityConfig -- Kafka security configuration validation successful
16:54:08.657 [main] INFO com.snowflake.kafka.security.KafkaSecurityConfig -- Kafka security configuration initialized: protocol=PLAINTEXT, mechanism=null
16:54:08.657 [main] DEBUG com.snowflake.kafka.security.KafkaSecurityConfig -- Configured additional security settings for Kafka
16:54:08.657 [main] DEBUG com.snowflake.kafka.security.KafkaSecurityConfig -- Created secure Kafka producer properties with 6 entries
]]></system-out>
  </testcase>
</testsuite>