<?xml version="1.0" encoding="UTF-8"?>
<testsuite xmlns:xsi="http://www.w3.org/2001/XMLSchema-instance" xsi:noNamespaceSchemaLocation="https://maven.apache.org/surefire/maven-surefire-plugin/xsd/surefire-test-report-3.0.xsd" version="3.0" name="com.snowflake.kafka.security.SnowflakeKeyPairAuthTest" time="3.047" tests="13" errors="0" skipped="0" failures="0">
  <properties>
[...]
</properties>
  <testcase name="testPerformance" classname="com.snowflake.kafka.security.SnowflakeKeyPairAuthTest" time="0.335">
    <system-out><![CDATA[16:54:08.904 [main] INFO com.snowflake.kafka.security.SnowflakeKeyPairAuth -- Snowflake key-pair authentication initialized successfully
16:54:08.904 [main] DEBUG com.snowflake.kafka.security.SnowflakeKeyPairAuth -- Public key fingerprint: 2E5E630A2FAA800C47880BA3C30D5FF719919ABE45076E431C5723212F8BB5EE
Generated 100 JWT tokens in 89ms (0.89ms per token)
]]></system-out>
  </testcase>
  <testcase name="testPublicKeyFingerprint" classname="com.snowflake.kafka.security.SnowflakeKeyPairAuthTest" time="0.131">
    <system-out><![CDATA[16:54:09.070 [main] INFO com.snowflake.kafka.security.SnowflakeKeyPairAuth -- Snowflake key-pair authentication initialized successfully
16:54:09.070 [main] DEBUG com.snowflake.kafka.security.SnowflakeKeyPairAuth -- Public key fingerprint: C03616F113589CEEF8CA2BAED25AA0E9DB06AC2CCF1267537EA30495DDE97A59
16:54:09.071 [main] INFO com.snowflake.kafka.security.SnowflakeKeyPairAuth -- Snowflake key-pair authentication initialized successfully
16:54:09.071 [main] DEBUG com.snowflake.kafka.security.SnowflakeKeyPairAuth -- Public key fingerprint: C03616F113589CEEF8CA2BAED25AA0E9DB06AC2CCF1267537EA30495DDE97A59
]]></system-out>
  </testcase>
  <testcase name="testKeyPairGeneration" classname="com.snowflake.kafka.security.SnowflakeKeyPairAuthTest" time="1.64"/>
  <testcase name="testKeyPairAuthFromContent" classname="com.snowflake.kafka.security.SnowflakeKeyPairAuthTest" time="0.04">
    <system-out><![CDATA[16:54:10.806 [main] INFO com.snowflake.kafka.security.SnowflakeKeyPairAuth -- Key pair validation successful: RSA-2048 key
]]></system-out>
  </testcase>
  <testcase name="testKeyValidation" classname="com.snowflake.kafka.security.SnowflakeKeyPairAuthTest" time="0.06">
    <system-out><![CDATA[16:54:10.864 [main] INFO com.snowflake.kafka.security.SnowflakeKeyPairAuth -- Snowflake key-pair authentication initialized successfully
16:54:10.864 [main] DEBUG com.snowflake.kafka.security.SnowflakeKeyPairAuth -- Public key fingerprint: 1C4281B4AE62F679E48A46BA6819649AE91D88816198BF3EFF3E22A776C149B7
16:54:10.865 [main] INFO com.snowflake.kafka.security.SnowflakeKeyPairAuth -- Key pair validation successful: RSA-2048 key
]]></system-out>
  </testcase>
  <testcase name="testInvalidKeyContent" classname="com.snowflake.kafka.security.SnowflakeKeyPairAuthTest" time="0.145"/>
  <testcase name="testKeyPairAuthFromFile" classname="com.snowflake.kafka.security.SnowflakeKeyPairAuthTest" time="0.089">
    <system-out><![CDATA[16:54:11.099 [main] INFO com.snowflake.kafka.security.SnowflakeKeyPairAuth -- Snowflake key-pair authentication initialized successfully
16:54:11.099 [main] DEBUG com.snowflake.kafka.security.SnowflakeKeyPairAuth -- Public key fingerprint: AD9FD70C6160536D7962BB2FF7E94EBB2DC3C5503A7952D6E1FB18EE938CC3EA
16:54:11.100 [main] INFO com.snowflake.kafka.security.SnowflakeKeyPairAuth -- Key pair validation successful: RSA-2048 key
]]></system-out>
  </testcase>
  <testcase name="testJwtTokenGeneration" classname="com.snowflake.kafka.security.SnowflakeKeyPairAuthTest" time="0.099">
    <system-out><![CDATA[16:54:11.197 [main] INFO com.snowflake.kafka.security.SnowflakeKeyPairAuth -- Snowflake key-pair authentication initialized successfully
16:54:11.197 [main] DEBUG com.snowflake.kafka.security.SnowflakeKeyPairAuth -- Public key fingerprint: BE5383D780AC5EB8411028D933F32F03E16693B53F81243B179DFD829A0CD93E
]]></system-out>
  </testcase>
  <testcase name="testPublicKeyPemFormat" classname="com.snowflake.kafka.security.SnowflakeKeyPairAuthTest" time="0.065">
    <system-out><![CDATA[16:54:11.264 [main] INFO com.snowflake.kafka.security.SnowflakeKeyPairAuth -- Snowflake key-pair authentication initialized successfully
16:54:11.264 [main] DEBUG com.snowflake.kafka.security.SnowflakeKeyPairAuth -- Public key fingerprint: B205D46F967D32F0C7BB4E2FD3B10B331A07352D15FF11EF6A88F61ECCED92BF
]]></system-out>
  </testcase>
  <testcase name="testJwtTokenStructure" classname="com.snowflake.kafka.security.SnowflakeKeyPairAuthTest" time="0.054">
    <system-out><![CDATA[16:54:11.317 [main] INFO com.snowflake.kafka.security.SnowflakeKeyPairAuth -- Snowflake key-pair authentication initialized successfully
16:54:11.317 [main] DEBUG com.snowflake.kafka.security.SnowflakeKeyPairAuth -- Public key fingerprint: CE49D809B27D8811FD3998FC0C3B2CCB5F65F81550BB8419149755CBE58CFA5C
]]></system-out>
  </testcase>
  <testcase name="testConcurrentAccess" classname="com.snowflake.kafka.security.SnowflakeKeyPairAuthTest" time="0.073">
    <system-out><![CDATA[16:54:11.368 [main] INFO com.snowflake.kafka.security.SnowflakeKeyPairAuth -- Snowflake key-pair authentication initialized successfully
16:54:11.369 [main] DEBUG com.snowflake.kafka.security.SnowflakeKeyPairAuth -- Public key fingerprint: E997657698441AA371897F1EA8CDF25DE756FA274CBA9CC4E08DB5B99ACCE9C7
]]></system-out>
  </testcase>
  <testcase name="testEncryptedPrivateKey" classname="com.snowflake.kafka.security.SnowflakeKeyPairAuthTest" time="0.164">
    <system-out><![CDATA[16:54:11.555 [main] INFO com.snowflake.kafka.security.SnowflakeKeyPairAuth -- Snowflake key-pair authentication initialized successfully
16:54:11.555 [main] DEBUG com.snowflake.kafka.security.SnowflakeKeyPairAuth -- Public key fingerprint: 6E1A20AD82F93624F5647149CD507D1B1E5A5CD983A0383807C761D53CB49B71
16:54:11.556 [main] INFO com.snowflake.kafka.security.SnowflakeKeyPairAuth -- Key pair validation successful: RSA-2048 key
]]></system-out>
  </testcase>
  <testcase name="testInvalidKeyFile" classname="com.snowflake.kafka.security.SnowflakeKeyPairAuthTest" time="0.15"/>
</testsuite>